RUN	gatling.sample.User1	user1	1670137362292	ret	3.6.1
USER	User1	START	1670137364336
USER	User1	START	1670137364323
USER	User1	START	1670137364314
USER	User1	START	1670137364336
USER	User1	START	1670137364314
USER	User1	START	1670137364314
USER	User1	START	1670137364336
USER	User1	START	1670137364336
USER	User1	START	1670137364337
USER	User1	START	1670137364314
USER	User1	START	1670137364596
USER	User1	START	1670137364323
USER	User1	START	1670137364597
USER	User1	START	1670137364597
USER	User1	START	1670137364596
USER	User1	START	1670137364339
USER	User1	START	1670137364597
USER	User1	START	1670137364597
USER	User1	START	1670137364596
USER	User1	START	1670137364315
USER	User1	START	1670137364323
USER	User1	START	1670137364610
USER	User1	START	1670137364607
USER	User1	START	1670137364314
USER	User1	START	1670137364609
USER	User1	START	1670137364611
USER	User1	START	1670137364611
USER	User1	START	1670137364611
USER	User1	START	1670137364611
USER	User1	START	1670137364611
USER	User1	START	1670137364610
USER	User1	START	1670137364607
USER	User1	START	1670137364612
USER	User1	START	1670137364608
USER	User1	START	1670137364612
USER	User1	START	1670137364613
USER	User1	START	1670137364613
USER	User1	START	1670137364613
USER	User1	START	1670137364613
USER	User1	START	1670137364613
USER	User1	START	1670137364613
USER	User1	START	1670137364614
USER	User1	START	1670137364614
USER	User1	START	1670137364614
USER	User1	START	1670137364614
USER	User1	START	1670137364609
USER	User1	START	1670137364612
USER	User1	START	1670137364615
USER	User1	START	1670137364614
USER	User1	START	1670137364615
USER	User1	START	1670137364615
USER	User1	START	1670137364616
USER	User1	START	1670137364614
USER	User1	START	1670137364609
USER	User1	START	1670137364336
USER	User1	START	1670137364596
USER	User1	START	1670137364611
USER	User1	START	1670137364612
USER	User1	START	1670137364616
USER	User1	START	1670137364615
USER	User1	START	1670137364616
USER	User1	START	1670137364618
USER	User1	START	1670137364617
USER	User1	START	1670137364617
USER	User1	START	1670137364616
USER	User1	START	1670137364618
USER	User1	START	1670137364618
USER	User1	START	1670137364617
USER	User1	START	1670137364608
USER	User1	START	1670137364618
USER	User1	START	1670137364618
USER	User1	START	1670137364620
USER	User1	START	1670137364616
USER	User1	START	1670137364618
USER	User1	START	1670137364617
USER	User1	START	1670137364656
USER	User1	START	1670137364652
USER	User1	START	1670137364652
USER	User1	START	1670137364665
USER	User1	START	1670137364668
USER	User1	START	1670137364668
USER	User1	START	1670137364660
USER	User1	START	1670137364666
USER	User1	START	1670137364663
USER	User1	START	1670137364665
USER	User1	START	1670137364672
USER	User1	START	1670137364672
USER	User1	START	1670137364678
USER	User1	START	1670137364679
USER	User1	START	1670137364665
USER	User1	START	1670137364663
USER	User1	START	1670137364675
USER	User1	START	1670137364703
USER	User1	START	1670137364704
USER	User1	START	1670137364706
USER	User1	START	1670137364704
USER	User1	START	1670137364709
USER	User1	START	1670137364711
USER	User1	START	1670137364721
USER	User1	START	1670137364756
REQUEST		AllResources	1670137364507	1670137384994	OK	 
REQUEST		AllResources	1670137364614	1670137386505	OK	 
REQUEST		AllResources	1670137364608	1670137388050	OK	 
REQUEST		AllResources	1670137364611	1670137389511	OK	 
REQUEST		AllResources	1670137364508	1670137390981	OK	 
REQUEST		AllResources	1670137364508	1670137392464	OK	 
REQUEST		AllResources	1670137364508	1670137393952	OK	 
REQUEST		AllResources	1670137364613	1670137395453	OK	 
REQUEST		AllResources	1670137364506	1670137396922	KO	status.find.in(200,201,202,203,204,205,206,207,208,209,304), found 500
REQUEST		AllResources	1670137364507	1670137396922	KO	status.find.in(200,201,202,203,204,205,206,207,208,209,304), found 500
REQUEST		AllResources	1670137364507	1670137397007	OK	 
REQUEST		AllResources	1670137364613	1670137397040	KO	status.find.in(200,201,202,203,204,205,206,207,208,209,304), found 500
REQUEST		AllResources	1670137364613	1670137397370	KO	status.find.in(200,201,202,203,204,205,206,207,208,209,304), found 500
REQUEST		AllResources	1670137364606	1670137397570	KO	status.find.in(200,201,202,203,204,205,206,207,208,209,304), found 500
REQUEST		AllResources	1670137364612	1670137397778	KO	status.find.in(200,201,202,203,204,205,206,207,208,209,304), found 500
REQUEST		AllResources	1670137364613	1670137397961	KO	status.find.in(200,201,202,203,204,205,206,207,208,209,304), found 500
REQUEST		AllResources	1670137364611	1670137398138	KO	status.find.in(200,201,202,203,204,205,206,207,208,209,304), found 500
REQUEST		AllResources	1670137364610	1670137398328	KO	status.find.in(200,201,202,203,204,205,206,207,208,209,304), found 500
REQUEST		AllResources	1670137364610	1670137398508	KO	status.find.in(200,201,202,203,204,205,206,207,208,209,304), found 500
REQUEST		AllResources	1670137364613	1670137398522	OK	 
REQUEST		AllResources	1670137364616	1670137398881	KO	status.find.in(200,201,202,203,204,205,206,207,208,209,304), found 500
REQUEST		AllResources	1670137364614	1670137399061	KO	status.find.in(200,201,202,203,204,205,206,207,208,209,304), found 500
REQUEST		AllResources	1670137364612	1670137399241	KO	status.find.in(200,201,202,203,204,205,206,207,208,209,304), found 500
REQUEST		AllResources	1670137364619	1670137399419	KO	status.find.in(200,201,202,203,204,205,206,207,208,209,304), found 500
REQUEST		AllResources	1670137364613	1670137399627	KO	status.find.in(200,201,202,203,204,205,206,207,208,209,304), found 500
REQUEST		AllResources	1670137364616	1670137399774	KO	status.find.in(200,201,202,203,204,205,206,207,208,209,304), found 500
REQUEST		AllResources	1670137364614	1670137399955	KO	status.find.in(200,201,202,203,204,205,206,207,208,209,304), found 500
REQUEST		AllResources	1670137364607	1670137400085	OK	 
REQUEST		AllResources	1670137364611	1670137400327	KO	status.find.in(200,201,202,203,204,205,206,207,208,209,304), found 500
REQUEST		AllResources	1670137364616	1670137400504	KO	status.find.in(200,201,202,203,204,205,206,207,208,209,304), found 500
REQUEST		AllResources	1670137364615	1670137400742	KO	status.find.in(200,201,202,203,204,205,206,207,208,209,304), found 500
REQUEST		AllResources	1670137364619	1670137400871	KO	status.find.in(200,201,202,203,204,205,206,207,208,209,304), found 500
REQUEST		AllResources	1670137364613	1670137401056	KO	status.find.in(200,201,202,203,204,205,206,207,208,209,304), found 500
REQUEST		AllResources	1670137364613	1670137401237	KO	status.find.in(200,201,202,203,204,205,206,207,208,209,304), found 500
REQUEST		AllResources	1670137364629	1670137401416	KO	status.find.in(200,201,202,203,204,205,206,207,208,209,304), found 500
REQUEST		AllResources	1670137364615	1670137401591	OK	 
REQUEST		AllResources	1670137364508	1670137401816	KO	status.find.in(200,201,202,203,204,205,206,207,208,209,304), found 500
REQUEST		AllResources	1670137364615	1670137401989	KO	status.find.in(200,201,202,203,204,205,206,207,208,209,304), found 500
REQUEST		AllResources	1670137364505	1670137402165	KO	status.find.in(200,201,202,203,204,205,206,207,208,209,304), found 500
REQUEST		AllResources	1670137364604	1670137402346	KO	status.find.in(200,201,202,203,204,205,206,207,208,209,304), found 500
REQUEST		AllResources	1670137364611	1670137402522	KO	status.find.in(200,201,202,203,204,205,206,207,208,209,304), found 500
REQUEST		AllResources	1670137364611	1670137402716	KO	status.find.in(200,201,202,203,204,205,206,207,208,209,304), found 500
REQUEST		AllResources	1670137364507	1670137402926	KO	status.find.in(200,201,202,203,204,205,206,207,208,209,304), found 500
REQUEST		AllResources	1670137364619	1670137403090	OK	 
REQUEST		AllResources	1670137364609	1670137403105	KO	status.find.in(200,201,202,203,204,205,206,207,208,209,304), found 500
REQUEST		AllResources	1670137364611	1670137403462	KO	status.find.in(200,201,202,203,204,205,206,207,208,209,304), found 500
REQUEST		AllResources	1670137364612	1670137403654	KO	status.find.in(200,201,202,203,204,205,206,207,208,209,304), found 500
REQUEST		AllResources	1670137364615	1670137403847	KO	status.find.in(200,201,202,203,204,205,206,207,208,209,304), found 500
REQUEST		AllResources	1670137364507	1670137404035	KO	status.find.in(200,201,202,203,204,205,206,207,208,209,304), found 500
REQUEST		AllResources	1670137364608	1670137404211	KO	status.find.in(200,201,202,203,204,205,206,207,208,209,304), found 500
REQUEST		AllResources	1670137364525	1670137404397	KO	status.find.in(200,201,202,203,204,205,206,207,208,209,304), found 500
REQUEST		AllResources	1670137364510	1670137404586	OK	 
REQUEST		AllResources	1670137364620	1670137404800	KO	status.find.in(200,201,202,203,204,205,206,207,208,209,304), found 500
REQUEST		AllResources	1670137364506	1670137405008	KO	status.find.in(200,201,202,203,204,205,206,207,208,209,304), found 500
REQUEST		AllResources	1670137364620	1670137405166	KO	status.find.in(200,201,202,203,204,205,206,207,208,209,304), found 500
REQUEST		AllResources	1670137364609	1670137405381	KO	status.find.in(200,201,202,203,204,205,206,207,208,209,304), found 500
REQUEST		AllResources	1670137364608	1670137405574	KO	status.find.in(200,201,202,203,204,205,206,207,208,209,304), found 500
REQUEST		AllResources	1670137364608	1670137405756	KO	status.find.in(200,201,202,203,204,205,206,207,208,209,304), found 500
REQUEST		AllResources	1670137364619	1670137405934	KO	status.find.in(200,201,202,203,204,205,206,207,208,209,304), found 500
REQUEST		AllResources	1670137364508	1670137406133	OK	 
REQUEST		AllResources	1670137364507	1670137406155	KO	status.find.in(200,201,202,203,204,205,206,207,208,209,304), found 500
REQUEST		AllResources	1670137364629	1670137406490	KO	status.find.in(200,201,202,203,204,205,206,207,208,209,304), found 500
REQUEST		AllResources	1670137364608	1670137406663	KO	status.find.in(200,201,202,203,204,205,206,207,208,209,304), found 500
REQUEST		AllResources	1670137364657	1670137406839	KO	status.find.in(200,201,202,203,204,205,206,207,208,209,304), found 500
REQUEST		AllResources	1670137364667	1670137407036	KO	status.find.in(200,201,202,203,204,205,206,207,208,209,304), found 500
REQUEST		AllResources	1670137364612	1670137407205	KO	status.find.in(200,201,202,203,204,205,206,207,208,209,304), found 500
REQUEST		AllResources	1670137364616	1670137407383	KO	status.find.in(200,201,202,203,204,205,206,207,208,209,304), found 500
REQUEST		AllResources	1670137364630	1670137407570	KO	status.find.in(200,201,202,203,204,205,206,207,208,209,304), found 500
REQUEST		AllResources	1670137364606	1670137407633	OK	 
REQUEST		AllResources	1670137364616	1670137407940	KO	status.find.in(200,201,202,203,204,205,206,207,208,209,304), found 500
REQUEST		AllResources	1670137364670	1670137408125	KO	status.find.in(200,201,202,203,204,205,206,207,208,209,304), found 500
REQUEST		AllResources	1670137364616	1670137408318	KO	status.find.in(200,201,202,203,204,205,206,207,208,209,304), found 500
REQUEST		AllResources	1670137364629	1670137408489	KO	status.find.in(200,201,202,203,204,205,206,207,208,209,304), found 500
REQUEST		AllResources	1670137364619	1670137408681	KO	status.find.in(200,201,202,203,204,205,206,207,208,209,304), found 500
REQUEST		AllResources	1670137364673	1670137408870	KO	status.find.in(200,201,202,203,204,205,206,207,208,209,304), found 500
REQUEST		AllResources	1670137364669	1670137409064	KO	status.find.in(200,201,202,203,204,205,206,207,208,209,304), found 500
REQUEST		AllResources	1670137364673	1670137409136	OK	 
REQUEST		AllResources	1670137364620	1670137409441	KO	status.find.in(200,201,202,203,204,205,206,207,208,209,304), found 500
REQUEST		AllResources	1670137364673	1670137409622	KO	status.find.in(200,201,202,203,204,205,206,207,208,209,304), found 500
REQUEST		AllResources	1670137364616	1670137409814	KO	status.find.in(200,201,202,203,204,205,206,207,208,209,304), found 500
REQUEST		AllResources	1670137364655	1670137409998	KO	status.find.in(200,201,202,203,204,205,206,207,208,209,304), found 500
REQUEST		AllResources	1670137364690	1670137410227	KO	status.find.in(200,201,202,203,204,205,206,207,208,209,304), found 500
REQUEST		AllResources	1670137364704	1670137410406	KO	status.find.in(200,201,202,203,204,205,206,207,208,209,304), found 500
REQUEST		AllResources	1670137364619	1670137410631	KO	status.find.in(200,201,202,203,204,205,206,207,208,209,304), found 500
REQUEST		AllResources	1670137364688	1670137410638	OK	 
REQUEST		AllResources	1670137364669	1670137411028	KO	status.find.in(200,201,202,203,204,205,206,207,208,209,304), found 500
REQUEST		AllResources	1670137364752	1670137411220	KO	status.find.in(200,201,202,203,204,205,206,207,208,209,304), found 500
REQUEST		AllResources	1670137364717	1670137411398	KO	status.find.in(200,201,202,203,204,205,206,207,208,209,304), found 500
REQUEST		AllResources	1670137364629	1670137411571	KO	status.find.in(200,201,202,203,204,205,206,207,208,209,304), found 500
REQUEST		AllResources	1670137364688	1670137411771	KO	status.find.in(200,201,202,203,204,205,206,207,208,209,304), found 500
REQUEST		AllResources	1670137364673	1670137411951	KO	status.find.in(200,201,202,203,204,205,206,207,208,209,304), found 500
REQUEST		AllResources	1670137364693	1670137412128	KO	status.find.in(200,201,202,203,204,205,206,207,208,209,304), found 500
REQUEST		AllResources	1670137364655	1670137412167	OK	 
REQUEST		AllResources	1670137364704	1670137412516	KO	status.find.in(200,201,202,203,204,205,206,207,208,209,304), found 500
REQUEST		AllResources	1670137364751	1670137412699	KO	status.find.in(200,201,202,203,204,205,206,207,208,209,304), found 500
REQUEST		AllResources	1670137364704	1670137412873	KO	status.find.in(200,201,202,203,204,205,206,207,208,209,304), found 500
REQUEST		AllResources	1670137364689	1670137413057	KO	status.find.in(200,201,202,203,204,205,206,207,208,209,304), found 500
REQUEST		AllResources	1670137364767	1670137413294	KO	status.find.in(200,201,202,203,204,205,206,207,208,209,304), found 500
REQUEST		AllResources	1670137364707	1670137413459	KO	status.find.in(200,201,202,203,204,205,206,207,208,209,304), found 500
REQUEST		AllResources	1670137364674	1670137413620	OK	 
REQUEST		request_2	1670137388041	1670137431156	OK	 
REQUEST		request_2	1670137389512	1670137432914	OK	 
REQUEST		request_2	1670137391059	1670137434931	OK	 
REQUEST		request_2	1670137392520	1670137436919	OK	 
REQUEST		request_2	1670137393987	1670137442957	OK	 
REQUEST		request_2	1670137395470	1670137444542	OK	 
REQUEST		request_2	1670137414953	1670137445047	KO	status.find.in(200,201,202,203,204,205,206,207,208,209,304), found 401
REQUEST		request_2	1670137415131	1670137445164	KO	status.find.in(200,201,202,203,204,205,206,207,208,209,304), found 401
REQUEST		request_2	1670137415171	1670137446049	KO	status.find.in(200,201,202,203,204,205,206,207,208,209,304), found 401
REQUEST		request_2	1670137415876	1670137446049	KO	status.find.in(200,201,202,203,204,205,206,207,208,209,304), found 401
REQUEST		request_2	1670137415705	1670137446049	KO	status.find.in(200,201,202,203,204,205,206,207,208,209,304), found 401
REQUEST		request_2	1670137415519	1670137446052	KO	status.find.in(200,201,202,203,204,205,206,207,208,209,304), found 401
REQUEST		request_2	1670137398459	1670137446070	KO	status.find.in(200,201,202,203,204,205,206,207,208,209,304), found 500
REQUEST		request_2	1670137400047	1670137446091	KO	status.find.in(200,201,202,203,204,205,206,207,208,209,304), found 500
REQUEST		request_2	1670137400001	1670137446093	KO	status.find.in(200,201,202,203,204,205,206,207,208,209,304), found 500
REQUEST		request_2	1670137400017	1670137446095	KO	status.find.in(200,201,202,203,204,205,206,207,208,209,304), found 500
REQUEST		request_2	1670137400001	1670137446096	KO	status.find.in(200,201,202,203,204,205,206,207,208,209,304), found 500
REQUEST		request_2	1670137400376	1670137446125	KO	status.find.in(200,201,202,203,204,205,206,207,208,209,304), found 500
REQUEST		request_2	1670137416060	1670137446128	KO	status.find.in(200,201,202,203,204,205,206,207,208,209,304), found 401
REQUEST		request_2	1670137400582	1670137446310	KO	status.find.in(200,201,202,203,204,205,206,207,208,209,304), found 500
REQUEST		request_2	1670137416301	1670137446338	KO	status.find.in(200,201,202,203,204,205,206,207,208,209,304), found 401
REQUEST		request_2	1670137400782	1670137446490	KO	status.find.in(200,201,202,203,204,205,206,207,208,209,304), found 500
REQUEST		request_2	1670137416463	1670137446502	KO	status.find.in(200,201,202,203,204,205,206,207,208,209,304), found 401
REQUEST		request_2	1670137416623	1670137446674	KO	status.find.in(200,201,202,203,204,205,206,207,208,209,304), found 401
REQUEST		request_2	1670137400966	1670137446738	KO	status.find.in(200,201,202,203,204,205,206,207,208,209,304), found 500
REQUEST		request_2	1670137401143	1670137446881	KO	status.find.in(200,201,202,203,204,205,206,207,208,209,304), found 500
REQUEST		request_2	1670137401512	1670137447548	KO	status.find.in(200,201,202,203,204,205,206,207,208,209,304), found 500
REQUEST		request_2	1670137401526	1670137447547	KO	status.find.in(200,201,202,203,204,205,206,207,208,209,304), found 500
REQUEST		request_2	1670137401334	1670137447565	KO	status.find.in(200,201,202,203,204,205,206,207,208,209,304), found 500
REQUEST		request_2	1670137396957	1670137447643	OK	 
REQUEST		request_2	1670137401885	1670137447724	KO	status.find.in(200,201,202,203,204,205,206,207,208,209,304), found 500
REQUEST		request_2	1670137402245	1670137448011	KO	status.find.in(200,201,202,203,204,205,206,207,208,209,304), found 500
REQUEST		request_2	1670137402422	1670137448157	KO	status.find.in(200,201,202,203,204,205,206,207,208,209,304), found 500
REQUEST		request_2	1670137402632	1670137448337	KO	status.find.in(200,201,202,203,204,205,206,207,208,209,304), found 500
REQUEST		request_2	1670137402778	1670137448545	KO	status.find.in(200,201,202,203,204,205,206,207,208,209,304), found 500
REQUEST		request_2	1670137402958	1670137448712	KO	status.find.in(200,201,202,203,204,205,206,207,208,209,304), found 500
REQUEST		request_2	1670137403093	1670137448905	KO	status.find.in(200,201,202,203,204,205,206,207,208,209,304), found 500
REQUEST		request_2	1670137403331	1670137449088	KO	status.find.in(200,201,202,203,204,205,206,207,208,209,304), found 500
REQUEST		request_2	1670137403509	1670137449262	KO	status.find.in(200,201,202,203,204,205,206,207,208,209,304), found 500
REQUEST		request_2	1670137403746	1670137449463	KO	status.find.in(200,201,202,203,204,205,206,207,208,209,304), found 500
REQUEST		request_2	1670137403875	1670137449669	KO	status.find.in(200,201,202,203,204,205,206,207,208,209,304), found 500
REQUEST		request_2	1670137404059	1670137449861	KO	status.find.in(200,201,202,203,204,205,206,207,208,209,304), found 500
REQUEST		request_2	1670137404242	1670137450035	KO	status.find.in(200,201,202,203,204,205,206,207,208,209,304), found 500
REQUEST		request_2	1670137404419	1670137450257	KO	status.find.in(200,201,202,203,204,205,206,207,208,209,304), found 500
REQUEST		request_2	1670137404593	1670137450452	KO	status.find.in(200,201,202,203,204,205,206,207,208,209,304), found 500
REQUEST		request_2	1670137402066	1670137450457	OK	 
REQUEST		request_2	1670137404991	1670137450807	KO	status.find.in(200,201,202,203,204,205,206,207,208,209,304), found 500
REQUEST		request_2	1670137405168	1670137450990	KO	status.find.in(200,201,202,203,204,205,206,207,208,209,304), found 500
REQUEST		request_2	1670137405349	1670137451163	KO	status.find.in(200,201,202,203,204,205,206,207,208,209,304), found 500
REQUEST		request_2	1670137405526	1670137451350	KO	status.find.in(200,201,202,203,204,205,206,207,208,209,304), found 500
REQUEST		request_2	1670137405720	1670137451547	KO	status.find.in(200,201,202,203,204,205,206,207,208,209,304), found 500
REQUEST		request_2	1670137405931	1670137451718	KO	status.find.in(200,201,202,203,204,205,206,207,208,209,304), found 500
REQUEST		request_2	1670137406095	1670137451903	KO	status.find.in(200,201,202,203,204,205,206,207,208,209,304), found 500
REQUEST		request_2	1670137404822	1670137452113	OK	 
REQUEST		request_2	1670137406108	1670137452114	KO	status.find.in(200,201,202,203,204,205,206,207,208,209,304), found 500
REQUEST		request_2	1670137406657	1670137452456	KO	status.find.in(200,201,202,203,204,205,206,207,208,209,304), found 500
REQUEST		request_2	1670137406851	1670137452633	KO	status.find.in(200,201,202,203,204,205,206,207,208,209,304), found 500
REQUEST		request_2	1670137407038	1670137452801	KO	status.find.in(200,201,202,203,204,205,206,207,208,209,304), found 500
REQUEST		request_2	1670137407213	1670137452978	KO	status.find.in(200,201,202,203,204,205,206,207,208,209,304), found 500
REQUEST		request_2	1670137407400	1670137453200	KO	status.find.in(200,201,202,203,204,205,206,207,208,209,304), found 500
REQUEST		request_2	1670137407588	1670137453420	KO	status.find.in(200,201,202,203,204,205,206,207,208,209,304), found 500
REQUEST		request_2	1670137407803	1670137453610	KO	status.find.in(200,201,202,203,204,205,206,207,208,209,304), found 500
REQUEST		request_2	1670137408011	1670137453786	KO	status.find.in(200,201,202,203,204,205,206,207,208,209,304), found 500
REQUEST		request_2	1670137406466	1670137453848	OK	 
REQUEST		request_2	1670137408385	1670137454198	KO	status.find.in(200,201,202,203,204,205,206,207,208,209,304), found 500
REQUEST		request_2	1670137408577	1670137454363	KO	status.find.in(200,201,202,203,204,205,206,207,208,209,304), found 500
REQUEST		request_2	1670137408762	1670137454535	KO	status.find.in(200,201,202,203,204,205,206,207,208,209,304), found 500
REQUEST		request_2	1670137408941	1670137454723	KO	status.find.in(200,201,202,203,204,205,206,207,208,209,304), found 500
REQUEST		request_2	1670137409136	1670137454911	KO	status.find.in(200,201,202,203,204,205,206,207,208,209,304), found 500
REQUEST		request_2	1670137409159	1670137455111	KO	status.find.in(200,201,202,203,204,205,206,207,208,209,304), found 500
REQUEST		request_2	1670137409492	1670137455307	KO	status.find.in(200,201,202,203,204,205,206,207,208,209,304), found 500
REQUEST		request_2	1670137408167	1670137455464	OK	 
REQUEST		request_2	1670137409842	1670137455671	KO	status.find.in(200,201,202,203,204,205,206,207,208,209,304), found 500
REQUEST		request_2	1670137410039	1670137455887	KO	status.find.in(200,201,202,203,204,205,206,207,208,209,304), found 500
REQUEST		request_2	1670137410209	1670137456052	KO	status.find.in(200,201,202,203,204,205,206,207,208,209,304), found 500
REQUEST		request_2	1670137410387	1670137456240	KO	status.find.in(200,201,202,203,204,205,206,207,208,209,304), found 500
REQUEST		request_2	1670137410574	1670137456426	KO	status.find.in(200,201,202,203,204,205,206,207,208,209,304), found 500
REQUEST		request_2	1670137410636	1670137456612	KO	status.find.in(200,201,202,203,204,205,206,207,208,209,304), found 500
REQUEST		request_2	1670137410945	1670137456806	KO	status.find.in(200,201,202,203,204,205,206,207,208,209,304), found 500
REQUEST		request_2	1670137411129	1670137457019	KO	status.find.in(200,201,202,203,204,205,206,207,208,209,304), found 500
REQUEST		request_2	1670137409666	1670137457022	OK	 
REQUEST		request_2	1670137411492	1670137457399	KO	status.find.in(200,201,202,203,204,205,206,207,208,209,304), found 500
REQUEST		request_2	1670137411685	1670137457549	KO	status.find.in(200,201,202,203,204,205,206,207,208,209,304), found 500
REQUEST		request_2	1670137411878	1670137457751	KO	status.find.in(200,201,202,203,204,205,206,207,208,209,304), found 500
REQUEST		request_2	1670137412067	1670137457914	KO	status.find.in(200,201,202,203,204,205,206,207,208,209,304), found 500
REQUEST		request_2	1670137412138	1670137458104	KO	status.find.in(200,201,202,203,204,205,206,207,208,209,304), found 500
REQUEST		request_2	1670137412446	1670137458294	KO	status.find.in(200,201,202,203,204,205,206,207,208,209,304), found 500
REQUEST		request_2	1670137412626	1670137458487	KO	status.find.in(200,201,202,203,204,205,206,207,208,209,304), found 500
REQUEST		request_2	1670137411322	1670137458640	OK	 
REQUEST		request_2	1670137413004	1670137458859	KO	status.find.in(200,201,202,203,204,205,206,207,208,209,304), found 500
REQUEST		request_2	1670137413233	1670137459037	KO	status.find.in(200,201,202,203,204,205,206,207,208,209,304), found 500
REQUEST		request_2	1670137413410	1670137459230	KO	status.find.in(200,201,202,203,204,205,206,207,208,209,304), found 500
REQUEST		request_2	1670137413633	1670137459434	KO	status.find.in(200,201,202,203,204,205,206,207,208,209,304), found 500
REQUEST		request_2	1670137413642	1670137459614	KO	status.find.in(200,201,202,203,204,205,206,207,208,209,304), found 500
REQUEST		request_2	1670137412818	1670137460127	OK	 
REQUEST		request_2	1670137414036	1670137462098	OK	 
REQUEST		request_2	1670137414227	1670137463847	OK	 
REQUEST		request_2	1670137414404	1670137465562	OK	 
REQUEST		request_2	1670137414575	1670137467177	OK	 
REQUEST		request_2	1670137414775	1670137469145	OK	 
REQUEST		SpecificResource	1670137431262	1670137486129	OK	 
REQUEST		SpecificResource	1670137432938	1670137486829	OK	 
REQUEST		SpecificResource	1670137434942	1670137487710	OK	 
REQUEST		SpecificResource	1670137436948	1670137488553	OK	 
REQUEST		SpecificResource	1670137442964	1670137489428	OK	 
REQUEST		SpecificResource	1670137444544	1670137489880	OK	 
REQUEST		ReserveResource	1670137446082	1670137490356	OK	 
REQUEST		ReserveResource	1670137446167	1670137490584	OK	 
REQUEST		ReserveResource	1670137447256	1670137490785	OK	 
REQUEST		ReserveResource	1670137447077	1670137490990	OK	 
REQUEST		ReserveResource	1670137447060	1670137491186	OK	 
REQUEST		ReserveResource	1670137447149	1670137491407	OK	 
REQUEST		ReserveResource	1670137447059	1670137491603	OK	 
REQUEST		ReserveResource	1670137447098	1670137491825	OK	 
REQUEST		ReserveResource	1670137447498	1670137492024	OK	 
REQUEST		ReserveResource	1670137447374	1670137492236	OK	 
REQUEST		ReserveResource	1670137447103	1670137492450	OK	 
REQUEST		ReserveResource	1670137447369	1670137492638	OK	 
REQUEST		ReserveResource	1670137447253	1670137492853	OK	 
REQUEST		ReserveResource	1670137447057	1670137493070	OK	 
REQUEST		ReserveResource	1670137447148	1670137493273	OK	 
REQUEST		ReserveResource	1670137447068	1670137493499	OK	 
REQUEST		ReserveResource	1670137447533	1670137493766	OK	 
REQUEST		SpecificResource	1670137447648	1670137494163	OK	 
REQUEST		ReserveResource	1670137447686	1670137494406	OK	 
REQUEST		ReserveResource	1670137447746	1670137494564	OK	 
REQUEST		ReserveResource	1670137447897	1670137494788	OK	 
REQUEST		ReserveResource	1670137448566	1670137495009	OK	 
REQUEST		ReserveResource	1670137448566	1670137495195	OK	 
REQUEST		ReserveResource	1670137448570	1670137495392	OK	 
REQUEST		ReserveResource	1670137448729	1670137495670	OK	 
REQUEST		ReserveResource	1670137449020	1670137495883	OK	 
REQUEST		ReserveResource	1670137449160	1670137496143	OK	 
REQUEST		ReserveResource	1670137449340	1670137496346	OK	 
REQUEST		ReserveResource	1670137449547	1670137496538	OK	 
REQUEST		ReserveResource	1670137449717	1670137496731	OK	 
REQUEST		ReserveResource	1670137449908	1670137496925	OK	 
REQUEST		ReserveResource	1670137450091	1670137497105	OK	 
REQUEST		ReserveResource	1670137450266	1670137497294	OK	 
REQUEST		SpecificResource	1670137450460	1670137497738	OK	 
REQUEST		ReserveResource	1670137450467	1670137497939	OK	 
REQUEST		ReserveResource	1670137450672	1670137498143	OK	 
REQUEST		ReserveResource	1670137450869	1670137498345	OK	 
REQUEST		ReserveResource	1670137451037	1670137498597	OK	 
REQUEST		ReserveResource	1670137451260	1670137498851	OK	 
REQUEST		ReserveResource	1670137451456	1670137498988	OK	 
REQUEST		ReserveResource	1670137451811	1670137499187	OK	 
REQUEST		ReserveResource	1670137451998	1670137499412	OK	 
REQUEST		SpecificResource	1670137452122	1670137499865	OK	 
REQUEST		ReserveResource	1670137452168	1670137500157	OK	 
REQUEST		ReserveResource	1670137452354	1670137500353	OK	 
REQUEST		ReserveResource	1670137452551	1670137500613	OK	 
REQUEST		ReserveResource	1670137452721	1670137500875	OK	 
REQUEST		ReserveResource	1670137452907	1670137501115	OK	 
REQUEST		ReserveResource	1670137453134	1670137501293	OK	 
REQUEST		ReserveResource	1670137453469	1670137501488	OK	 
REQUEST		ReserveResource	1670137453647	1670137501685	OK	 
REQUEST		ReserveResource	1670137453808	1670137501897	OK	 
REQUEST		SpecificResource	1670137453853	1670137502348	OK	 
REQUEST		ReserveResource	1670137453983	1670137502560	OK	 
REQUEST		ReserveResource	1670137454202	1670137502740	OK	 
REQUEST		ReserveResource	1670137454422	1670137503043	OK	 
REQUEST		ReserveResource	1670137454614	1670137503239	OK	 
REQUEST		ReserveResource	1670137454791	1670137503422	OK	 
REQUEST		ReserveResource	1670137455205	1670137503612	OK	 
REQUEST		ReserveResource	1670137455367	1670137503808	OK	 
REQUEST		SpecificResource	1670137455465	1670137504237	OK	 
REQUEST		ReserveResource	1670137455540	1670137504495	OK	 
REQUEST		ReserveResource	1670137455730	1670137504676	OK	 
REQUEST		ReserveResource	1670137455915	1670137504861	OK	 
REQUEST		ReserveResource	1670137456114	1670137505064	OK	 
REQUEST		ReserveResource	1670137456309	1670137505258	OK	 
REQUEST		ReserveResource	1670137456675	1670137505434	OK	 
REQUEST		ReserveResource	1670137456891	1670137505647	OK	 
REQUEST		SpecificResource	1670137457025	1670137506115	OK	 
REQUEST		ReserveResource	1670137457055	1670137506329	OK	 
REQUEST		ReserveResource	1670137457244	1670137506513	OK	 
REQUEST		ReserveResource	1670137457431	1670137506752	OK	 
REQUEST		ReserveResource	1670137457618	1670137506950	OK	 
REQUEST		ReserveResource	1670137457810	1670137507161	OK	 
REQUEST		ReserveResource	1670137458023	1670137507362	OK	 
REQUEST		ReserveResource	1670137458410	1670137507553	OK	 
REQUEST		ReserveResource	1670137458558	1670137507760	OK	 
REQUEST		SpecificResource	1670137458641	1670137508226	OK	 
REQUEST		ReserveResource	1670137458756	1670137508447	OK	 
REQUEST		ReserveResource	1670137458917	1670137508659	OK	 
REQUEST		ReserveResource	1670137459108	1670137508847	OK	 
REQUEST		ReserveResource	1670137459298	1670137509033	OK	 
REQUEST		ReserveResource	1670137459490	1670137509248	OK	 
REQUEST		ReserveResource	1670137459864	1670137509429	OK	 
REQUEST		ReserveResource	1670137460042	1670137509612	OK	 
REQUEST		SpecificResource	1670137460139	1670137510033	OK	 
REQUEST		ReserveResource	1670137460233	1670137510261	OK	 
REQUEST		ReserveResource	1670137460440	1670137510430	OK	 
REQUEST		ReserveResource	1670137460619	1670137510627	OK	 
REQUEST		SpecificResource	1670137462115	1670137511309	OK	 
REQUEST		SpecificResource	1670137463848	1670137511922	OK	 
REQUEST		SpecificResource	1670137465564	1670137512616	OK	 
REQUEST		SpecificResource	1670137467180	1670137513114	OK	 
REQUEST		SpecificResource	1670137469147	1670137513788	OK	 
REQUEST		ReserveResource	1670137487156	1670137530759	OK	 
REQUEST		ReserveResource	1670137487836	1670137531571	OK	 
REQUEST		ReserveResource	1670137488717	1670137531947	OK	 
REQUEST		ReserveResource	1670137489557	1670137532525	OK	 
REQUEST		ReserveResource	1670137490432	1670137532942	OK	 
REQUEST		ReserveResource	1670137490890	1670137533365	OK	 
REQUEST		GetAllotment	1670137491372	1670137533481	OK	 
REQUEST		GetAllotment	1670137491588	1670137533609	OK	 
REQUEST		GetAllotment	1670137491788	1670137533920	OK	 
REQUEST		GetAllotment	1670137491994	1670137534056	OK	 
REQUEST		GetAllotment	1670137492190	1670137534175	OK	 
REQUEST		GetAllotment	1670137492411	1670137534298	OK	 
REQUEST		GetAllotment	1670137492610	1670137534427	OK	 
REQUEST		GetAllotment	1670137492827	1670137534563	OK	 
REQUEST		GetAllotment	1670137493028	1670137534685	OK	 
REQUEST		GetAllotment	1670137493242	1670137534801	OK	 
REQUEST		GetAllotment	1670137493461	1670137534930	OK	 
REQUEST		GetAllotment	1670137493640	1670137535054	OK	 
REQUEST		GetAllotment	1670137493855	1670137535189	OK	 
REQUEST		GetAllotment	1670137494092	1670137535298	OK	 
REQUEST		GetAllotment	1670137494278	1670137535426	OK	 
REQUEST		GetAllotment	1670137494502	1670137535556	OK	 
REQUEST		GetAllotment	1670137494768	1670137535679	OK	 
REQUEST		ReserveResource	1670137495167	1670137535892	OK	 
REQUEST		GetAllotment	1670137495409	1670137536011	OK	 
REQUEST		GetAllotment	1670137495567	1670137536133	OK	 
REQUEST		GetAllotment	1670137495794	1670137536251	OK	 
REQUEST		GetAllotment	1670137496012	1670137536385	OK	 
REQUEST		GetAllotment	1670137496198	1670137536533	OK	 
REQUEST		GetAllotment	1670137496395	1670137536686	OK	 
REQUEST		GetAllotment	1670137496674	1670137536804	OK	 
REQUEST		GetAllotment	1670137496886	1670137536918	OK	 
REQUEST		GetAllotment	1670137497146	1670137537037	OK	 
REQUEST		GetAllotment	1670137497352	1670137537177	OK	 
REQUEST		GetAllotment	1670137497541	1670137537308	OK	 
REQUEST		GetAllotment	1670137497734	1670137537424	OK	 
REQUEST		GetAllotment	1670137497929	1670137537549	OK	 
REQUEST		GetAllotment	1670137498109	1670137537668	OK	 
REQUEST		GetAllotment	1670137498297	1670137537786	OK	 
REQUEST		ReserveResource	1670137498743	1670137537990	OK	 
REQUEST		GetAllotment	1670137498942	1670137538099	OK	 
REQUEST		GetAllotment	1670137499146	1670137538219	OK	 
REQUEST		GetAllotment	1670137499349	1670137538354	OK	 
REQUEST		GetAllotment	1670137499600	1670137538478	OK	 
REQUEST		GetAllotment	1670137499853	1670137538598	OK	 
REQUEST		GetAllotment	1670137499991	1670137538720	OK	 
REQUEST		GetAllotment	1670137500190	1670137538845	OK	 
REQUEST		GetAllotment	1670137500414	1670137538974	OK	 
REQUEST		ReserveResource	1670137500868	1670137539337	OK	 
REQUEST		GetAllotment	1670137501160	1670137539395	OK	 
REQUEST		GetAllotment	1670137501357	1670137539521	OK	 
REQUEST		GetAllotment	1670137501618	1670137539643	OK	 
REQUEST		GetAllotment	1670137501879	1670137539778	OK	 
REQUEST		GetAllotment	1670137502126	1670137539909	OK	 
REQUEST		GetAllotment	1670137502295	1670137540032	OK	 
REQUEST		GetAllotment	1670137502493	1670137540156	OK	 
REQUEST		GetAllotment	1670137502694	1670137540289	OK	 
REQUEST		GetAllotment	1670137502902	1670137540410	OK	 
REQUEST		ReserveResource	1670137503356	1670137540632	OK	 
REQUEST		GetAllotment	1670137503563	1670137540741	OK	 
REQUEST		GetAllotment	1670137503744	1670137540862	OK	 
REQUEST		GetAllotment	1670137504046	1670137540994	OK	 
REQUEST		GetAllotment	1670137504241	1670137541117	OK	 
REQUEST		GetAllotment	1670137504425	1670137541241	OK	 
REQUEST		GetAllotment	1670137504615	1670137541371	OK	 
REQUEST		GetAllotment	1670137504811	1670137541497	OK	 
REQUEST		ReserveResource	1670137505239	1670137541723	OK	 
REQUEST		GetAllotment	1670137505508	1670137541841	OK	 
REQUEST		GetAllotment	1670137505679	1670137541971	OK	 
REQUEST		GetAllotment	1670137505864	1670137542088	OK	 
REQUEST		GetAllotment	1670137506068	1670137542223	OK	 
REQUEST		GetAllotment	1670137506261	1670137542359	OK	 
REQUEST		GetAllotment	1670137506438	1670137542482	OK	 
REQUEST		GetAllotment	1670137506650	1670137542603	OK	 
REQUEST		ReserveResource	1670137507121	1670137542827	OK	 
REQUEST		GetAllotment	1670137507338	1670137542931	OK	 
REQUEST		GetAllotment	1670137507517	1670137543054	OK	 
REQUEST		GetAllotment	1670137507756	1670137543176	OK	 
REQUEST		GetAllotment	1670137507955	1670137543314	OK	 
REQUEST		GetAllotment	1670137508167	1670137543442	OK	 
REQUEST		GetAllotment	1670137508365	1670137543559	OK	 
REQUEST		GetAllotment	1670137508557	1670137543686	OK	 
REQUEST		GetAllotment	1670137508763	1670137543803	OK	 
REQUEST		ReserveResource	1670137509239	1670137544020	OK	 
REQUEST		GetAllotment	1670137509465	1670137544128	OK	 
REQUEST		GetAllotment	1670137509681	1670137544255	OK	 
REQUEST		GetAllotment	1670137509860	1670137544372	OK	 
REQUEST		GetAllotment	1670137510036	1670137544494	OK	 
REQUEST		GetAllotment	1670137510253	1670137544624	OK	 
REQUEST		GetAllotment	1670137510431	1670137544742	OK	 
REQUEST		GetAllotment	1670137510616	1670137544877	OK	 
REQUEST		ReserveResource	1670137511037	1670137545090	OK	 
REQUEST		GetAllotment	1670137511264	1670137545195	OK	 
REQUEST		GetAllotment	1670137511434	1670137545312	OK	 
REQUEST		GetAllotment	1670137511631	1670137545436	OK	 
REQUEST		ReserveResource	1670137512313	1670137545860	OK	 
REQUEST		ReserveResource	1670137512925	1670137546037	OK	 
REQUEST		ReserveResource	1670137513621	1670137546443	OK	 
REQUEST		ReserveResource	1670137514118	1670137546844	OK	 
REQUEST		ReserveResource	1670137514794	1670137547595	OK	 
REQUEST		GetAllotment	1670137531772	1670137564405	OK	 
REQUEST		GetAllotment	1670137532574	1670137564712	OK	 
REQUEST		GetAllotment	1670137532950	1670137564833	OK	 
REQUEST		MyReservations	1670137533486	1670137565082	OK	 
USER	User1	END	1670137565125
REQUEST		GetAllotment	1670137533538	1670137565384	OK	 
REQUEST		MyReservations	1670137533613	1670137565450	OK	 
USER	User1	END	1670137565458
REQUEST		MyReservations	1670137533924	1670137565712	OK	 
USER	User1	END	1670137565715
REQUEST		GetAllotment	1670137533949	1670137566042	OK	 
REQUEST		MyReservations	1670137534058	1670137566100	OK	 
USER	User1	END	1670137566103
REQUEST		MyReservations	1670137534177	1670137566164	OK	 
USER	User1	END	1670137566173
REQUEST		MyReservations	1670137534303	1670137566225	OK	 
USER	User1	END	1670137566230
REQUEST		GetAllotment	1670137534369	1670137566567	OK	 
REQUEST		MyReservations	1670137534430	1670137566637	OK	 
USER	User1	END	1670137566641
REQUEST		MyReservations	1670137534565	1670137566702	OK	 
USER	User1	END	1670137566713
REQUEST		MyReservations	1670137534687	1670137566769	OK	 
USER	User1	END	1670137566771
REQUEST		MyReservations	1670137534804	1670137566832	OK	 
USER	User1	END	1670137566834
REQUEST		MyReservations	1670137534933	1670137566904	OK	 
USER	User1	END	1670137566905
REQUEST		MyReservations	1670137535055	1670137566965	OK	 
USER	User1	END	1670137566966
REQUEST		MyReservations	1670137535190	1670137567025	OK	 
USER	User1	END	1670137567027
REQUEST		MyReservations	1670137535300	1670137567090	OK	 
USER	User1	END	1670137567091
REQUEST		MyReservations	1670137535428	1670137567152	OK	 
USER	User1	END	1670137567153
REQUEST		MyReservations	1670137535558	1670137567215	OK	 
USER	User1	END	1670137567219
REQUEST		MyReservations	1670137535681	1670137567287	OK	 
USER	User1	END	1670137567289
REQUEST		MyReservations	1670137536014	1670137567353	OK	 
USER	User1	END	1670137567354
REQUEST		MyReservations	1670137536135	1670137567422	OK	 
USER	User1	END	1670137567422
REQUEST		MyReservations	1670137536253	1670137567483	OK	 
USER	User1	END	1670137567484
REQUEST		MyReservations	1670137536387	1670137567549	OK	 
USER	User1	END	1670137567551
REQUEST		MyReservations	1670137536536	1670137567611	OK	 
USER	User1	END	1670137567613
REQUEST		MyReservations	1670137536688	1670137567679	OK	 
USER	User1	END	1670137567681
REQUEST		MyReservations	1670137536808	1670137567742	OK	 
USER	User1	END	1670137567744
REQUEST		GetAllotment	1670137536897	1670137567888	OK	 
REQUEST		MyReservations	1670137536919	1670137567952	OK	 
USER	User1	END	1670137567954
REQUEST		MyReservations	1670137537042	1670137568020	OK	 
USER	User1	END	1670137568024
REQUEST		MyReservations	1670137537181	1670137568088	OK	 
USER	User1	END	1670137568092
REQUEST		MyReservations	1670137537311	1670137568148	OK	 
USER	User1	END	1670137568151
REQUEST		MyReservations	1670137537426	1670137568210	OK	 
USER	User1	END	1670137568212
REQUEST		MyReservations	1670137537552	1670137568275	OK	 
USER	User1	END	1670137568276
REQUEST		MyReservations	1670137537672	1670137568337	OK	 
USER	User1	END	1670137568338
REQUEST		MyReservations	1670137537786	1670137568403	OK	 
USER	User1	END	1670137568405
REQUEST		MyReservations	1670137538101	1670137568463	OK	 
USER	User1	END	1670137568465
REQUEST		MyReservations	1670137538221	1670137568527	OK	 
USER	User1	END	1670137568528
REQUEST		MyReservations	1670137538357	1670137568589	OK	 
USER	User1	END	1670137568590
REQUEST		MyReservations	1670137538480	1670137568651	OK	 
USER	User1	END	1670137568653
REQUEST		MyReservations	1670137538600	1670137568713	OK	 
USER	User1	END	1670137568714
REQUEST		MyReservations	1670137538725	1670137568787	OK	 
USER	User1	END	1670137568790
REQUEST		MyReservations	1670137538848	1670137568856	OK	 
USER	User1	END	1670137568857
REQUEST		MyReservations	1670137538976	1670137568910	OK	 
USER	User1	END	1670137568912
REQUEST		GetAllotment	1670137538992	1670137569041	OK	 
REQUEST		MyReservations	1670137539396	1670137569104	OK	 
USER	User1	END	1670137569108
REQUEST		MyReservations	1670137539521	1670137569166	OK	 
USER	User1	END	1670137569167
REQUEST		MyReservations	1670137539644	1670137569232	OK	 
USER	User1	END	1670137569233
REQUEST		MyReservations	1670137539780	1670137569307	OK	 
USER	User1	END	1670137569309
REQUEST		MyReservations	1670137539911	1670137569377	OK	 
USER	User1	END	1670137569379
REQUEST		MyReservations	1670137540033	1670137569438	OK	 
USER	User1	END	1670137569439
REQUEST		MyReservations	1670137540158	1670137569496	OK	 
USER	User1	END	1670137569500
REQUEST		MyReservations	1670137540291	1670137569558	OK	 
USER	User1	END	1670137569559
REQUEST		GetAllotment	1670137540339	1670137569687	OK	 
REQUEST		MyReservations	1670137540413	1670137569749	OK	 
USER	User1	END	1670137569751
REQUEST		MyReservations	1670137540742	1670137569809	OK	 
USER	User1	END	1670137569810
REQUEST		MyReservations	1670137540864	1670137569875	OK	 
USER	User1	END	1670137569877
REQUEST		MyReservations	1670137540996	1670137569937	OK	 
USER	User1	END	1670137569938
REQUEST		MyReservations	1670137541122	1670137570015	OK	 
USER	User1	END	1670137570016
REQUEST		MyReservations	1670137541244	1670137570080	OK	 
USER	User1	END	1670137570081
REQUEST		MyReservations	1670137541373	1670137570143	OK	 
USER	User1	END	1670137570145
REQUEST		MyReservations	1670137541498	1670137570208	OK	 
USER	User1	END	1670137570209
REQUEST		GetAllotment	1670137541634	1670137570334	OK	 
REQUEST		MyReservations	1670137541842	1670137570398	OK	 
USER	User1	END	1670137570399
REQUEST		MyReservations	1670137541972	1670137570461	OK	 
USER	User1	END	1670137570463
REQUEST		MyReservations	1670137542090	1670137570526	OK	 
USER	User1	END	1670137570528
REQUEST		MyReservations	1670137542227	1670137570589	OK	 
USER	User1	END	1670137570591
REQUEST		MyReservations	1670137542360	1670137570650	OK	 
USER	User1	END	1670137570651
REQUEST		MyReservations	1670137542485	1670137570709	OK	 
USER	User1	END	1670137570710
REQUEST		MyReservations	1670137542606	1670137570779	OK	 
USER	User1	END	1670137570781
REQUEST		GetAllotment	1670137542727	1670137570921	OK	 
REQUEST		MyReservations	1670137542940	1670137570983	OK	 
USER	User1	END	1670137570984
REQUEST		MyReservations	1670137543058	1670137571045	OK	 
USER	User1	END	1670137571047
REQUEST		MyReservations	1670137543180	1670137571107	OK	 
USER	User1	END	1670137571109
REQUEST		MyReservations	1670137543319	1670137571170	OK	 
USER	User1	END	1670137571172
REQUEST		MyReservations	1670137543460	1670137571231	OK	 
USER	User1	END	1670137571233
REQUEST		MyReservations	1670137543565	1670137571294	OK	 
USER	User1	END	1670137571297
REQUEST		MyReservations	1670137543688	1670137571358	OK	 
USER	User1	END	1670137571360
REQUEST		MyReservations	1670137543804	1670137571430	OK	 
USER	User1	END	1670137571432
REQUEST		GetAllotment	1670137543830	1670137571566	OK	 
REQUEST		MyReservations	1670137544152	1670137571627	OK	 
USER	User1	END	1670137571637
REQUEST		MyReservations	1670137544265	1670137571692	OK	 
USER	User1	END	1670137571693
REQUEST		MyReservations	1670137544375	1670137571759	OK	 
USER	User1	END	1670137571761
REQUEST		MyReservations	1670137544497	1670137571820	OK	 
USER	User1	END	1670137571823
REQUEST		MyReservations	1670137544626	1670137571882	OK	 
USER	User1	END	1670137571884
REQUEST		MyReservations	1670137544743	1670137571948	OK	 
USER	User1	END	1670137571949
REQUEST		MyReservations	1670137544879	1670137572014	OK	 
USER	User1	END	1670137572015
REQUEST		GetAllotment	1670137545022	1670137572139	OK	 
REQUEST		MyReservations	1670137545197	1670137572200	OK	 
USER	User1	END	1670137572202
REQUEST		MyReservations	1670137545316	1670137572284	OK	 
USER	User1	END	1670137572285
REQUEST		MyReservations	1670137545439	1670137572375	OK	 
USER	User1	END	1670137572376
REQUEST		GetAllotment	1670137546094	1670137572759	OK	 
REQUEST		GetAllotment	1670137546862	1670137573259	OK	 
REQUEST		GetAllotment	1670137547041	1670137573386	OK	 
REQUEST		GetAllotment	1670137547446	1670137573682	OK	 
REQUEST		GetAllotment	1670137547847	1670137573802	OK	 
REQUEST		GetAllotment	1670137548597	1670137574116	OK	 
REQUEST		MyReservations	1670137564412	1670137575658	OK	 
USER	User1	END	1670137575665
REQUEST		MyReservations	1670137564714	1670137575910	OK	 
USER	User1	END	1670137575913
REQUEST		MyReservations	1670137564835	1670137575969	OK	 
USER	User1	END	1670137575971
REQUEST		MyReservations	1670137565402	1670137576410	OK	 
USER	User1	END	1670137576416
REQUEST		MyReservations	1670137566052	1670137576876	OK	 
USER	User1	END	1670137576878
REQUEST		MyReservations	1670137566576	1670137577151	OK	 
USER	User1	END	1670137577155
REQUEST		MyReservations	1670137567892	1670137577210	OK	 
USER	User1	END	1670137577212
REQUEST		MyReservations	1670137569049	1670137577278	OK	 
USER	User1	END	1670137577303
REQUEST		MyReservations	1670137569705	1670137577337	OK	 
USER	User1	END	1670137577339
REQUEST		MyReservations	1670137570338	1670137577400	OK	 
USER	User1	END	1670137577401
REQUEST		MyReservations	1670137570924	1670137577461	OK	 
USER	User1	END	1670137577463
REQUEST		MyReservations	1670137571569	1670137577554	OK	 
USER	User1	END	1670137577556
REQUEST		MyReservations	1670137572152	1670137577601	OK	 
USER	User1	END	1670137577615
REQUEST		MyReservations	1670137572789	1670137577661	OK	 
USER	User1	END	1670137577668
REQUEST		MyReservations	1670137573268	1670137577724	OK	 
USER	User1	END	1670137577734
REQUEST		MyReservations	1670137573391	1670137577808	OK	 
USER	User1	END	1670137577815
REQUEST		MyReservations	1670137573685	1670137577866	OK	 
USER	User1	END	1670137577868
REQUEST		MyReservations	1670137573807	1670137577925	OK	 
USER	User1	END	1670137577926
REQUEST		MyReservations	1670137574130	1670137577991	OK	 
USER	User1	END	1670137577993
