RUN	gatling.sample.User2	user2	1670222795850	trr	3.6.1
USER	scn1	START	1670222797287
USER	scn1	START	1670222797287
USER	scn1	START	1670222797296
USER	scn1	START	1670222797296
USER	scn1	START	1670222797287
USER	scn1	START	1670222797288
USER	scn1	START	1670222797288
USER	scn1	START	1670222797287
USER	scn1	START	1670222797295
USER	scn1	START	1670222797288
USER	scn1	START	1670222797287
USER	scn1	START	1670222797296
USER	scn1	START	1670222797296
USER	scn1	START	1670222797288
USER	scn1	START	1670222797295
USER	scn1	START	1670222797288
USER	scn1	START	1670222797676
USER	scn1	START	1670222797678
USER	scn1	START	1670222797681
USER	scn1	START	1670222797683
USER	scn1	START	1670222797680
USER	scn1	START	1670222797675
USER	scn1	START	1670222797679
USER	scn1	START	1670222797684
USER	scn1	START	1670222797684
USER	scn1	START	1670222797683
USER	scn1	START	1670222797684
USER	scn1	START	1670222797684
USER	scn1	START	1670222797680
USER	scn1	START	1670222797671
USER	scn1	START	1670222797685
USER	scn1	START	1670222797681
USER	scn1	START	1670222797681
USER	scn1	START	1670222797684
USER	scn1	START	1670222797680
USER	scn1	START	1670222797683
USER	scn1	START	1670222797678
USER	scn1	START	1670222797682
USER	scn1	START	1670222797680
USER	scn1	START	1670222797689
USER	scn1	START	1670222797685
USER	scn1	START	1670222797688
USER	scn1	START	1670222797690
USER	scn1	START	1670222797690
USER	scn1	START	1670222797687
USER	scn1	START	1670222797685
USER	scn1	START	1670222797691
USER	scn1	START	1670222797691
USER	scn1	START	1670222797691
USER	scn1	START	1670222797691
USER	scn1	START	1670222797688
USER	scn1	START	1670222797691
USER	scn1	START	1670222797691
USER	scn1	START	1670222797689
USER	scn1	START	1670222797690
USER	scn1	START	1670222797691
USER	scn1	START	1670222797690
USER	scn1	START	1670222797691
USER	scn1	START	1670222797691
USER	scn1	START	1670222797689
USER	scn1	START	1670222797691
USER	scn1	START	1670222797692
USER	scn1	START	1670222797691
USER	scn1	START	1670222797692
USER	scn1	START	1670222797692
USER	scn1	START	1670222797689
USER	scn1	START	1670222797692
USER	scn1	START	1670222797691
USER	scn1	START	1670222797694
USER	scn1	START	1670222797693
USER	scn1	START	1670222797693
USER	scn1	START	1670222797693
USER	scn1	START	1670222797692
USER	scn1	START	1670222797692
USER	scn1	START	1670222797708
USER	scn1	START	1670222797708
USER	scn1	START	1670222797708
USER	scn1	START	1670222797708
USER	scn1	START	1670222797709
USER	scn1	START	1670222797708
USER	scn1	START	1670222797706
USER	scn1	START	1670222797695
USER	scn1	START	1670222797709
USER	scn1	START	1670222797708
USER	scn1	START	1670222797694
USER	scn1	START	1670222797709
USER	scn1	START	1670222797726
USER	scn1	START	1670222797712
USER	scn1	START	1670222797707
USER	scn1	START	1670222797712
USER	scn1	START	1670222797727
USER	scn1	START	1670222797727
USER	scn1	START	1670222797712
USER	scn1	START	1670222797742
USER	scn1	START	1670222797745
USER	scn1	START	1670222797742
USER	scn1	START	1670222797738
USER	scn1	START	1670222797742
USER	scn1	START	1670222797749
USER	scn1	START	1670222797751
REQUEST		SignIn	1670222797602	1670222798442	OK	 
REQUEST		SignIn	1670222797607	1670222798449	OK	 
REQUEST		SignIn	1670222797602	1670222798492	OK	 
REQUEST		SignIn	1670222797607	1670222798493	OK	 
REQUEST		SignIn	1670222797686	1670222798599	OK	 
REQUEST		SignIn	1670222797602	1670222798670	OK	 
REQUEST		SignIn	1670222797691	1670222798799	OK	 
REQUEST		SignIn	1670222797603	1670222798803	OK	 
REQUEST		SignIn	1670222797684	1670222798855	OK	 
REQUEST		SignIn	1670222797690	1670222798872	OK	 
REQUEST		SignIn	1670222797603	1670222798883	OK	 
REQUEST		Profile	1670222798584	1670222798900	OK	 
REQUEST		Profile	1670222798619	1670222798897	OK	 
REQUEST		Profile	1670222798570	1670222798896	OK	 
REQUEST		Profile	1670222798570	1670222798901	OK	 
REQUEST		SignIn	1670222797682	1670222798954	OK	 
REQUEST		SignIn	1670222797686	1670222798955	OK	 
REQUEST		Profile	1670222798815	1670222799017	OK	 
REQUEST		Profile	1670222798816	1670222799018	OK	 
REQUEST		Profile	1670222798717	1670222799018	OK	 
REQUEST		Profile	1670222798585	1670222799018	OK	 
REQUEST		SignIn	1670222797700	1670222799036	OK	 
REQUEST		SignIn	1670222797603	1670222799050	OK	 
REQUEST		Profile	1670222798877	1670222799098	OK	 
REQUEST		SignIn	1670222797605	1670222799104	OK	 
REQUEST		Profile	1670222798884	1670222799114	OK	 
REQUEST		Profile	1670222798872	1670222799123	OK	 
REQUEST		SignIn	1670222797683	1670222799130	OK	 
REQUEST		Profile	1670222798957	1670222799181	OK	 
REQUEST		SignIn	1670222797691	1670222799222	OK	 
REQUEST		SignIn	1670222797684	1670222799253	OK	 
REQUEST		Profile	1670222798957	1670222799252	OK	 
REQUEST		Profile	1670222799038	1670222799263	OK	 
REQUEST		Profile	1670222799051	1670222799265	OK	 
REQUEST		SignIn	1670222797684	1670222799291	OK	 
REQUEST		SignIn	1670222797690	1670222799310	OK	 
REQUEST		Profile	1670222799105	1670222799338	OK	 
REQUEST		Profile	1670222799131	1670222799350	OK	 
REQUEST		SignIn	1670222797685	1670222799363	OK	 
REQUEST		SignIn	1670222797679	1670222799371	OK	 
REQUEST		Profile	1670222799262	1670222799454	OK	 
REQUEST		Profile	1670222799295	1670222799471	OK	 
REQUEST		Profile	1670222799247	1670222799473	OK	 
REQUEST		SignIn	1670222797710	1670222799497	OK	 
REQUEST		SignIn	1670222797681	1670222799501	OK	 
REQUEST		SignIn	1670222797691	1670222799547	OK	 
REQUEST		SignIn	1670222797690	1670222799551	OK	 
REQUEST		Profile	1670222799311	1670222799568	OK	 
REQUEST		SignIn	1670222797733	1670222799628	OK	 
REQUEST		SignIn	1670222797709	1670222799630	OK	 
REQUEST		Profile	1670222799364	1670222799638	OK	 
REQUEST		Profile	1670222799371	1670222799638	OK	 
REQUEST		SignIn	1670222797682	1670222799715	OK	 
REQUEST		SignIn	1670222797684	1670222799810	OK	 
REQUEST		Profile	1670222799502	1670222799810	OK	 
REQUEST		SignIn	1670222797733	1670222799870	OK	 
REQUEST		SignIn	1670222797681	1670222799874	OK	 
REQUEST		Profile	1670222799549	1670222799874	OK	 
REQUEST		Profile	1670222799497	1670222799872	OK	 
REQUEST		Profile	1670222799552	1670222799870	OK	 
REQUEST		SignIn	1670222797684	1670222799918	OK	 
REQUEST		SignIn	1670222797685	1670222799921	OK	 
REQUEST		SignIn	1670222797607	1670222799979	OK	 
REQUEST		Profile	1670222799634	1670222799979	OK	 
REQUEST		Profile	1670222799629	1670222799980	OK	 
REQUEST		SignIn	1670222797683	1670222799990	OK	 
REQUEST		SignIn	1670222797603	1670222800041	OK	 
REQUEST		SignIn	1670222797681	1670222800077	OK	 
REQUEST		Profile	1670222799897	1670222800096	OK	 
REQUEST		Profile	1670222799901	1670222800096	OK	 
REQUEST		Profile	1670222799857	1670222800097	OK	 
REQUEST		Profile	1670222799858	1670222800097	OK	 
REQUEST		Profile	1670222799922	1670222800119	OK	 
REQUEST		SignIn	1670222797694	1670222800119	OK	 
REQUEST		Profile	1670222799922	1670222800125	OK	 
REQUEST		SignIn	1670222797733	1670222800159	OK	 
REQUEST		Profile	1670222799997	1670222800173	OK	 
REQUEST		Profile	1670222799997	1670222800182	OK	 
REQUEST		SignIn	1670222797699	1670222800191	OK	 
REQUEST		Profile	1670222800044	1670222800226	OK	 
REQUEST		SignIn	1670222797683	1670222800235	OK	 
REQUEST		Profile	1670222800080	1670222800267	OK	 
REQUEST		SignIn	1670222797682	1670222800279	OK	 
REQUEST		Profile	1670222800119	1670222800281	OK	 
REQUEST		SignIn	1670222797709	1670222800326	OK	 
REQUEST		Profile	1670222800160	1670222800337	OK	 
REQUEST		SignIn	1670222797691	1670222800371	OK	 
REQUEST		Profile	1670222800192	1670222800387	OK	 
REQUEST		Profile	1670222800236	1670222800396	OK	 
REQUEST		SignIn	1670222797695	1670222800401	OK	 
REQUEST		Profile	1670222800279	1670222800438	OK	 
REQUEST		SignIn	1670222797687	1670222800458	OK	 
REQUEST		SignIn	1670222797681	1670222800479	OK	 
REQUEST		Profile	1670222800327	1670222800505	OK	 
REQUEST		SignIn	1670222797709	1670222800521	OK	 
REQUEST		Profile	1670222800372	1670222800551	OK	 
REQUEST		SignIn	1670222797603	1670222800557	OK	 
REQUEST		Profile	1670222800403	1670222800560	OK	 
REQUEST		SignIn	1670222797744	1670222800621	OK	 
REQUEST		Profile	1670222800459	1670222800628	OK	 
REQUEST		Profile	1670222800480	1670222800638	OK	 
REQUEST		SignIn	1670222797698	1670222800654	OK	 
REQUEST		Profile	1670222800523	1670222800697	OK	 
REQUEST		SignIn	1670222797709	1670222800697	OK	 
REQUEST		Profile	1670222800558	1670222800727	OK	 
REQUEST		SignIn	1670222797690	1670222800729	OK	 
REQUEST		SignIn	1670222797683	1670222800787	OK	 
REQUEST		Profile	1670222800622	1670222800813	OK	 
REQUEST		SignIn	1670222797690	1670222800815	OK	 
REQUEST		Profile	1670222800655	1670222800842	OK	 
REQUEST		SignIn	1670222797745	1670222800867	OK	 
REQUEST		Profile	1670222800699	1670222800888	OK	 
REQUEST		Profile	1670222800729	1670222800907	OK	 
REQUEST		SignIn	1670222797693	1670222800928	OK	 
REQUEST		SignIn	1670222797691	1670222800941	OK	 
REQUEST		Profile	1670222800787	1670222800968	OK	 
REQUEST		Profile	1670222800815	1670222801010	OK	 
REQUEST		SignIn	1670222797709	1670222801027	OK	 
REQUEST		SignIn	1670222797689	1670222801051	OK	 
REQUEST		Profile	1670222800869	1670222801074	OK	 
REQUEST		SignIn	1670222797710	1670222801093	OK	 
REQUEST		Profile	1670222800929	1670222801108	OK	 
REQUEST		Profile	1670222800941	1670222801129	OK	 
REQUEST		SignIn	1670222797695	1670222801141	OK	 
REQUEST		SignIn	1670222797691	1670222801208	OK	 
REQUEST		Profile	1670222801027	1670222801208	OK	 
REQUEST		Profile	1670222801052	1670222801214	OK	 
REQUEST		SignIn	1670222797691	1670222801229	OK	 
REQUEST		Profile	1670222801094	1670222801260	OK	 
REQUEST		SignIn	1670222797690	1670222801313	OK	 
REQUEST		Profile	1670222801142	1670222801321	OK	 
REQUEST		SignIn	1670222797743	1670222801329	OK	 
REQUEST		SignIn	1670222797699	1670222801385	OK	 
REQUEST		Profile	1670222801208	1670222801398	OK	 
REQUEST		Profile	1670222801231	1670222801406	OK	 
REQUEST		SignIn	1670222797710	1670222801445	OK	 
REQUEST		SignIn	1670222797733	1670222801469	OK	 
REQUEST		SignIn	1670222797693	1670222801528	OK	 
REQUEST		Profile	1670222801315	1670222801537	OK	 
REQUEST		SignIn	1670222797690	1670222801544	OK	 
REQUEST		Profile	1670222801330	1670222801557	OK	 
REQUEST		SignIn	1670222797685	1670222801626	OK	 
REQUEST		Profile	1670222801386	1670222801636	OK	 
REQUEST		SignIn	1670222797685	1670222801644	OK	 
REQUEST		Profile	1670222801445	1670222801655	OK	 
REQUEST		Profile	1670222801470	1670222801674	OK	 
REQUEST		Profile	1670222801529	1670222801713	OK	 
REQUEST		Profile	1670222801544	1670222801713	OK	 
REQUEST		SignIn	1670222797709	1670222801733	OK	 
REQUEST		SignIn	1670222797709	1670222801753	OK	 
REQUEST		SignIn	1670222797606	1670222801794	OK	 
REQUEST		SignIn	1670222797734	1670222801834	OK	 
REQUEST		Profile	1670222801632	1670222801838	OK	 
REQUEST		Profile	1670222801645	1670222801854	OK	 
REQUEST		SignIn	1670222797755	1670222801878	OK	 
REQUEST		Profile	1670222801734	1670222801898	OK	 
REQUEST		SignIn	1670222797691	1670222801906	OK	 
REQUEST		Profile	1670222801754	1670222801915	OK	 
REQUEST		SignIn	1670222797602	1670222801950	OK	 
REQUEST		Profile	1670222801796	1670222801967	OK	 
REQUEST		SignIn	1670222797744	1670222801992	OK	 
REQUEST		Profile	1670222801837	1670222802005	OK	 
REQUEST		SignIn	1670222797699	1670222802031	OK	 
REQUEST		Profile	1670222801883	1670222802062	OK	 
REQUEST		SignIn	1670222797691	1670222802062	OK	 
REQUEST		Profile	1670222801910	1670222802099	OK	 
REQUEST		Profile	1670222801952	1670222802119	OK	 
REQUEST		SignIn	1670222797606	1670222802141	OK	 
REQUEST		Profile	1670222801993	1670222802167	OK	 
REQUEST		SignIn	1670222797739	1670222802181	OK	 
REQUEST		Profile	1670222802032	1670222802207	OK	 
REQUEST		SignIn	1670222797755	1670222802225	OK	 
REQUEST		SignIn	1670222797691	1670222802242	OK	 
REQUEST		Profile	1670222802063	1670222802242	OK	 
REQUEST		SignIn	1670222797742	1670222802298	OK	 
REQUEST		Profile	1670222802142	1670222802311	OK	 
REQUEST		SignIn	1670222797602	1670222802334	OK	 
REQUEST		Profile	1670222802183	1670222802354	OK	 
REQUEST		SignIn	1670222797733	1670222802381	OK	 
REQUEST		Profile	1670222802227	1670222802401	OK	 
REQUEST		SignIn	1670222797709	1670222802404	OK	 
REQUEST		Profile	1670222802243	1670222802415	OK	 
REQUEST		Profile	1670222802301	1670222802474	OK	 
REQUEST		SignIn	1670222797694	1670222802487	OK	 
REQUEST		Profile	1670222802336	1670222802518	OK	 
REQUEST		Profile	1670222802381	1670222802563	OK	 
REQUEST		SignIn	1670222797692	1670222802565	OK	 
REQUEST		Profile	1670222802405	1670222802590	OK	 
REQUEST		SignIn	1670222797691	1670222802648	OK	 
REQUEST		Profile	1670222802487	1670222802697	OK	 
REQUEST		SignIn	1670222797709	1670222802726	OK	 
REQUEST		Profile	1670222802566	1670222802760	OK	 
REQUEST		SignIn	1670222797690	1670222802813	OK	 
REQUEST		Profile	1670222802655	1670222802830	OK	 
REQUEST		SignIn	1670222797691	1670222802920	OK	 
REQUEST		Profile	1670222802727	1670222802920	OK	 
REQUEST		SignIn	1670222797733	1670222802973	OK	 
REQUEST		Profile	1670222802814	1670222803039	OK	 
REQUEST		Profile	1670222802921	1670222803140	OK	 
REQUEST		Profile	1670222802974	1670222803162	OK	 
REQUEST		MyAllotment	1670222803954	1670222804073	OK	 
REQUEST		MyAllotment	1670222803954	1670222804081	OK	 
REQUEST		MyAllotment	1670222803954	1670222804085	OK	 
REQUEST		MyAllotment	1670222803954	1670222804101	OK	 
REQUEST		MyAllotment	1670222804026	1670222804140	OK	 
REQUEST		MyAllotment	1670222804026	1670222804140	OK	 
REQUEST		MyAllotment	1670222804026	1670222804161	OK	 
REQUEST		MyReservations	1670222804075	1670222804174	OK	 
REQUEST		MyReservations	1670222804082	1670222804175	OK	 
REQUEST		MyReservations	1670222804086	1670222804184	OK	 
REQUEST		MyAllotment	1670222804100	1670222804206	OK	 
REQUEST		MyReservations	1670222804102	1670222804221	OK	 
REQUEST		MyAllotment	1670222804117	1670222804228	OK	 
REQUEST		MyAllotment	1670222804026	1670222804232	OK	 
REQUEST		MyReservations	1670222804142	1670222804237	OK	 
REQUEST		MyAllotment	1670222804125	1670222804260	OK	 
REQUEST		MyReservations	1670222804162	1670222804266	OK	 
REQUEST		MyAllotment	1670222804191	1670222804295	OK	 
REQUEST		MyReservations	1670222804209	1670222804299	OK	 
REQUEST		MyReservations	1670222804142	1670222804300	OK	 
REQUEST		MyReservations	1670222804236	1670222804326	OK	 
REQUEST		MyReservations	1670222804230	1670222804337	OK	 
REQUEST		MyReservations	1670222804261	1670222804365	OK	 
REQUEST		MyAllotment	1670222804258	1670222804369	OK	 
REQUEST		MyAllotment	1670222804266	1670222804374	OK	 
REQUEST		MyAllotment	1670222804268	1670222804387	OK	 
REQUEST		MyReservations	1670222804299	1670222804391	OK	 
REQUEST		MyAllotment	1670222804340	1670222804466	OK	 
REQUEST		MyReservations	1670222804375	1670222804471	OK	 
REQUEST		MyAllotment	1670222804353	1670222804473	OK	 
REQUEST		MyReservations	1670222804370	1670222804482	OK	 
REQUEST		MyReservations	1670222804392	1670222804503	OK	 
REQUEST		MyAllotment	1670222804456	1670222804567	OK	 
REQUEST		MyReservations	1670222804471	1670222804572	OK	 
REQUEST		MyReservations	1670222804475	1670222804586	OK	 
REQUEST		MyAllotment	1670222804474	1670222804598	OK	 
REQUEST		MyAllotment	1670222804473	1670222804641	OK	 
REQUEST		MyReservations	1670222804568	1670222804677	OK	 
REQUEST		MyReservations	1670222804601	1670222804702	OK	 
REQUEST		MyAllotment	1670222804571	1670222804709	OK	 
REQUEST		MyReservations	1670222804644	1670222804752	OK	 
REQUEST		MyAllotment	1670222804640	1670222804754	OK	 
REQUEST		MyAllotment	1670222804640	1670222804770	OK	 
REQUEST		MyReservations	1670222804709	1670222804809	OK	 
REQUEST		MyReservations	1670222804754	1670222804861	OK	 
REQUEST		MyReservations	1670222804771	1670222804881	OK	 
REQUEST		MyAllotment	1670222804819	1670222804937	OK	 
REQUEST		MyAllotment	1670222804898	1670222805009	OK	 
REQUEST		MyAllotment	1670222804898	1670222805014	OK	 
REQUEST		MyAllotment	1670222804901	1670222805018	OK	 
REQUEST		MyReservations	1670222804938	1670222805040	OK	 
REQUEST		MyAllotment	1670222804992	1670222805115	OK	 
REQUEST		MyReservations	1670222805019	1670222805115	OK	 
REQUEST		MyAllotment	1670222804992	1670222805115	OK	 
REQUEST		MyReservations	1670222805010	1670222805119	OK	 
REQUEST		MyReservations	1670222805015	1670222805136	OK	 
REQUEST		MyAllotment	1670222805102	1670222805226	OK	 
REQUEST		MyAllotment	1670222805102	1670222805249	OK	 
REQUEST		MyReservations	1670222805131	1670222805249	OK	 
REQUEST		MyAllotment	1670222805103	1670222805249	OK	 
REQUEST		MyAllotment	1670222805102	1670222805250	OK	 
REQUEST		MyAllotment	1670222805129	1670222805252	OK	 
REQUEST		MyAllotment	1670222805129	1670222805265	OK	 
REQUEST		MyAllotment	1670222805175	1670222805295	OK	 
REQUEST		MyAllotment	1670222805185	1670222805311	OK	 
REQUEST		MyReservations	1670222805131	1670222805312	OK	 
REQUEST		MyReservations	1670222805228	1670222805333	OK	 
REQUEST		MyReservations	1670222805255	1670222805344	OK	 
REQUEST		MyReservations	1670222805255	1670222805354	OK	 
REQUEST		MyReservations	1670222805261	1670222805355	OK	 
REQUEST		MyReservations	1670222805261	1670222805355	OK	 
REQUEST		MyReservations	1670222805268	1670222805381	OK	 
REQUEST		MyAllotment	1670222805269	1670222805413	OK	 
REQUEST		MyReservations	1670222805312	1670222805420	OK	 
REQUEST		MyReservations	1670222805296	1670222805429	OK	 
REQUEST		MyAllotment	1670222805258	1670222805460	OK	 
REQUEST		MyAllotment	1670222805283	1670222805460	OK	 
REQUEST		MyAllotment	1670222805339	1670222805469	OK	 
REQUEST		MyAllotment	1670222805389	1670222805529	OK	 
REQUEST		MyAllotment	1670222805400	1670222805538	OK	 
REQUEST		MyReservations	1670222805414	1670222805540	OK	 
REQUEST		MyAllotment	1670222805440	1670222805557	OK	 
REQUEST		MyReservations	1670222805461	1670222805560	OK	 
REQUEST		MyReservations	1670222805461	1670222805560	OK	 
REQUEST		MyReservations	1670222805470	1670222805560	OK	 
REQUEST		MyAllotment	1670222805508	1670222805621	OK	 
REQUEST		MyReservations	1670222805529	1670222805626	OK	 
REQUEST		MyReservations	1670222805539	1670222805629	OK	 
REQUEST		MyAllotment	1670222805554	1670222805660	OK	 
REQUEST		MyReservations	1670222805557	1670222805660	OK	 
REQUEST		MyAllotment	1670222805562	1670222805679	OK	 
REQUEST		MyReservations	1670222805623	1670222805735	OK	 
REQUEST		MyAllotment	1670222805630	1670222805740	OK	 
REQUEST		MyAllotment	1670222805639	1670222805757	OK	 
REQUEST		MyReservations	1670222805663	1670222805773	OK	 
REQUEST		MyReservations	1670222805680	1670222805789	OK	 
REQUEST		MyAllotment	1670222805700	1670222805830	OK	 
REQUEST		MyReservations	1670222805741	1670222805833	OK	 
REQUEST		MyAllotment	1670222805728	1670222805841	OK	 
REQUEST		MyReservations	1670222805757	1670222805863	OK	 
REQUEST		MyAllotment	1670222805815	1670222805929	OK	 
REQUEST		MyReservations	1670222805830	1670222805937	OK	 
REQUEST		MyReservations	1670222805841	1670222805953	OK	 
REQUEST		MyAllotment	1670222805846	1670222805969	OK	 
REQUEST		MyAllotment	1670222805891	1670222806005	OK	 
REQUEST		MyAllotment	1670222805908	1670222806020	OK	 
REQUEST		MyReservations	1670222805929	1670222806028	OK	 
REQUEST		MyReservations	1670222805969	1670222806065	OK	 
REQUEST		MyAllotment	1670222805971	1670222806093	OK	 
REQUEST		MyReservations	1670222806006	1670222806113	OK	 
REQUEST		MyAllotment	1670222806012	1670222806116	OK	 
REQUEST		MyReservations	1670222806020	1670222806137	OK	 
REQUEST		MyAllotment	1670222806076	1670222806194	OK	 
REQUEST		MyReservations	1670222806094	1670222806217	OK	 
REQUEST		MyReservations	1670222806116	1670222806222	OK	 
REQUEST		MyAllotment	1670222806110	1670222806236	OK	 
REQUEST		MyAllotment	1670222806132	1670222806237	OK	 
REQUEST		MyReservations	1670222806194	1670222806293	OK	 
REQUEST		MyAllotment	1670222806210	1670222806323	OK	 
REQUEST		MyAllotment	1670222806216	1670222806334	OK	 
REQUEST		MyReservations	1670222806238	1670222806347	OK	 
REQUEST		MyReservations	1670222806236	1670222806361	OK	 
REQUEST		MyAllotment	1670222806263	1670222806381	OK	 
REQUEST		MyReservations	1670222806324	1670222806417	OK	 
REQUEST		MyReservations	1670222806335	1670222806441	OK	 
REQUEST		MyAllotment	1670222806324	1670222806457	OK	 
REQUEST		MyReservations	1670222806383	1670222806473	OK	 
REQUEST		MyAllotment	1670222806401	1670222806513	OK	 
REQUEST		MyAllotment	1670222806409	1670222806536	OK	 
REQUEST		MyReservations	1670222806458	1670222806569	OK	 
REQUEST		MyReservations	1670222806514	1670222806609	OK	 
REQUEST		MyReservations	1670222806536	1670222806641	OK	 
REQUEST		MyAllotment	1670222806539	1670222806657	OK	 
REQUEST		MyAllotment	1670222806560	1670222806682	OK	 
REQUEST		MyAllotment	1670222806639	1670222806754	OK	 
REQUEST		MyReservations	1670222806658	1670222806761	OK	 
REQUEST		MyAllotment	1670222806657	1670222806775	OK	 
REQUEST		MyReservations	1670222806683	1670222806781	OK	 
REQUEST		MyAllotment	1670222806675	1670222806814	OK	 
REQUEST		MyAllotment	1670222806715	1670222806817	OK	 
REQUEST		MyAllotment	1670222806715	1670222806837	OK	 
REQUEST		MyReservations	1670222806755	1670222806862	OK	 
REQUEST		MyReservations	1670222806776	1670222806869	OK	 
REQUEST		MyReservations	1670222806818	1670222806918	OK	 
REQUEST		MyReservations	1670222806815	1670222806925	OK	 
REQUEST		MyAllotment	1670222806840	1670222806939	OK	 
REQUEST		MyReservations	1670222806837	1670222806940	OK	 
REQUEST		MyAllotment	1670222806857	1670222806962	OK	 
REQUEST		MyAllotment	1670222806901	1670222807022	OK	 
REQUEST		MyReservations	1670222806940	1670222807048	OK	 
REQUEST		MyAllotment	1670222806919	1670222807051	OK	 
REQUEST		MyReservations	1670222806963	1670222807073	OK	 
REQUEST		MyAllotment	1670222806972	1670222807093	OK	 
REQUEST		MyReservations	1670222807024	1670222807114	OK	 
REQUEST		MyAllotment	1670222807008	1670222807129	OK	 
REQUEST		MyReservations	1670222807053	1670222807156	OK	 
REQUEST		MyAllotment	1670222807064	1670222807185	OK	 
REQUEST		MyReservations	1670222807094	1670222807201	OK	 
REQUEST		MyAllotment	1670222807101	1670222807217	OK	 
REQUEST		MyReservations	1670222807130	1670222807233	OK	 
REQUEST		MyReservations	1670222807187	1670222807293	OK	 
REQUEST		MyReservations	1670222807218	1670222807321	OK	 
REQUEST		MyAllotment	1670222807121	1670222807333	OK	 
REQUEST		MyAllotment	1670222807169	1670222807376	OK	 
REQUEST		MyAllotment	1670222807209	1670222807376	OK	 
REQUEST		MyAllotment	1670222807245	1670222807393	OK	 
REQUEST		MyAllotment	1670222807315	1670222807425	OK	 
REQUEST		MyReservations	1670222807333	1670222807433	OK	 
REQUEST		MyAllotment	1670222807356	1670222807475	OK	 
REQUEST		MyReservations	1670222807377	1670222807480	OK	 
REQUEST		MyReservations	1670222807377	1670222807480	OK	 
REQUEST		MyReservations	1670222807394	1670222807498	OK	 
REQUEST		MyAllotment	1670222807404	1670222807511	OK	 
REQUEST		MyAllotment	1670222807417	1670222807520	OK	 
REQUEST		MyReservations	1670222807425	1670222807538	OK	 
REQUEST		MyReservations	1670222807475	1670222807578	OK	 
REQUEST		MyAllotment	1670222807475	1670222807586	OK	 
REQUEST		MyReservations	1670222807512	1670222807609	OK	 
REQUEST		MyReservations	1670222807523	1670222807632	OK	 
REQUEST		MyAllotment	1670222807522	1670222807641	OK	 
REQUEST		MyAllotment	1670222807564	1670222807677	OK	 
REQUEST		MyReservations	1670222807587	1670222807693	OK	 
REQUEST		MyAllotment	1670222807593	1670222807714	OK	 
REQUEST		MyReservations	1670222807644	1670222807756	OK	 
REQUEST		MyReservations	1670222807680	1670222807793	OK	 
REQUEST		MyReservations	1670222807718	1670222807815	OK	 
REQUEST		MyAllotment	1670222807702	1670222807813	OK	 
REQUEST		MyAllotment	1670222807767	1670222807874	OK	 
REQUEST		MyReservations	1670222807826	1670222807934	OK	 
REQUEST		MyAllotment	1670222807833	1670222807941	OK	 
REQUEST		MyReservations	1670222807878	1670222807993	OK	 
REQUEST		MyAllotment	1670222807924	1670222808042	OK	 
REQUEST		MyReservations	1670222807942	1670222808053	OK	 
REQUEST		MyReservations	1670222808043	1670222808145	OK	 
REQUEST		MyAllotment	1670222808042	1670222808148	OK	 
REQUEST		MyReservations	1670222808148	1670222808256	OK	 
REQUEST		MyAllotment	1670222808142	1670222808265	OK	 
REQUEST		MyAllotment	1670222808164	1670222808271	OK	 
REQUEST		FindRoom	1670222808177	1670222808281	OK	 
REQUEST		FindRoom	1670222808177	1670222808279	OK	 
REQUEST		FindRoom	1670222808187	1670222808297	OK	 
REQUEST		FindRoom	1670222808222	1670222808334	OK	 
REQUEST		FindRoom	1670222808239	1670222808334	OK	 
REQUEST		FindRoom	1670222808267	1670222808361	OK	 
REQUEST		MyReservations	1670222808272	1670222808366	OK	 
REQUEST		MyReservations	1670222808266	1670222808397	OK	 
REQUEST		FindRoom	1670222808302	1670222808409	OK	 
REQUEST		FindRoom	1670222808329	1670222808425	OK	 
REQUEST		FindRoom	1670222808340	1670222808442	OK	 
REQUEST		FindRoom	1670222808369	1670222808473	OK	 
REQUEST		FindRoom	1670222808394	1670222808499	OK	 
REQUEST		FindRoom	1670222808394	1670222808514	OK	 
REQUEST		BookableRoom	1670222808387	1670222808531	OK	 
REQUEST		BookableRoom	1670222808394	1670222808549	OK	 
REQUEST		FindRoom	1670222808474	1670222808566	OK	 
REQUEST		BookableRoom	1670222808387	1670222808571	OK	 
REQUEST		FindRoom	1670222808484	1670222808576	OK	 
REQUEST		FindRoom	1670222808505	1670222808602	OK	 
REQUEST		BookableRoom	1670222808387	1670222808614	OK	 
REQUEST		BookableRoom	1670222808412	1670222808629	OK	 
REQUEST		BookableRoom	1670222808428	1670222808645	OK	 
REQUEST		BookableRoom	1670222808395	1670222808649	OK	 
REQUEST		FindRoom	1670222808574	1670222808674	OK	 
REQUEST		BookableRoom	1670222808444	1670222808682	OK	 
REQUEST		BookableRoom	1670222808388	1670222808688	OK	 
REQUEST		FindRoom	1670222808588	1670222808697	OK	 
REQUEST		BookableRoom	1670222808500	1670222808741	OK	 
REQUEST		BookableRoom	1670222808474	1670222808761	OK	 
REQUEST		FindRoom	1670222808680	1670222808781	OK	 
REQUEST		FindRoom	1670222808705	1670222808798	OK	 
REQUEST		BookableRoom	1670222808579	1670222808801	OK	 
REQUEST		BookableRoom	1670222808515	1670222808817	OK	 
REQUEST		BookableRoom	1670222808604	1670222808853	OK	 
REQUEST		FindRoom	1670222808755	1670222808854	OK	 
REQUEST		BookableRoom	1670222808570	1670222808870	OK	 
REQUEST		BookableRoom	1670222808678	1670222808901	OK	 
REQUEST		FindRoom	1670222808812	1670222808917	OK	 
REQUEST		BookableRoom	1670222808698	1670222808954	OK	 
REQUEST		FindRoom	1670222808865	1670222808968	OK	 
REQUEST		BookableRoom	1670222808782	1670222808970	OK	 
REQUEST		FindRoom	1670222808884	1670222808972	OK	 
REQUEST		BookableRoom	1670222808800	1670222809014	OK	 
REQUEST		BookableRoom	1670222808856	1670222809029	OK	 
REQUEST		BookableRoom	1670222808918	1670222809061	OK	 
REQUEST		BookableRoom	1670222808969	1670222809102	OK	 
REQUEST		FindRoom	1670222809042	1670222809130	OK	 
REQUEST		BookableRoom	1670222808973	1670222809141	OK	 
REQUEST		FindRoom	1670222809122	1670222809258	OK	 
REQUEST		FindRoom	1670222809125	1670222809259	OK	 
REQUEST		FindRoom	1670222809139	1670222809267	OK	 
REQUEST		BookableRoom	1670222809131	1670222809355	OK	 
REQUEST		FindRoom	1670222809257	1670222809359	OK	 
REQUEST		BookableRoom	1670222809259	1670222809394	OK	 
REQUEST		FindRoom	1670222809314	1670222809431	OK	 
REQUEST		FindRoom	1670222809346	1670222809436	OK	 
REQUEST		FindRoom	1670222809336	1670222809438	OK	 
REQUEST		FindRoom	1670222809357	1670222809452	OK	 
REQUEST		FindRoom	1670222809357	1670222809458	OK	 
REQUEST		FindRoom	1670222809357	1670222809462	OK	 
REQUEST		BookableRoom	1670222809267	1670222809464	OK	 
REQUEST		BookableRoom	1670222809260	1670222809465	OK	 
REQUEST		FindRoom	1670222809384	1670222809481	OK	 
REQUEST		BookableRoom	1670222809360	1670222809512	OK	 
REQUEST		FindRoom	1670222809422	1670222809522	OK	 
REQUEST		FindRoom	1670222809431	1670222809533	OK	 
REQUEST		BookableRoom	1670222809432	1670222809569	OK	 
REQUEST		BookableRoom	1670222809438	1670222809586	OK	 
REQUEST		FindRoom	1670222809542	1670222809648	OK	 
REQUEST		BookableRoom	1670222809436	1670222809650	OK	 
REQUEST		FindRoom	1670222809562	1670222809652	OK	 
REQUEST		FindRoom	1670222809562	1670222809669	OK	 
REQUEST		FindRoom	1670222809562	1670222809672	OK	 
REQUEST		BookableRoom	1670222809453	1670222809674	OK	 
REQUEST		BookableRoom	1670222809459	1670222809725	OK	 
REQUEST		FindRoom	1670222809628	1670222809731	OK	 
REQUEST		RoomById	1670222809552	1670222809735	OK	 
REQUEST		FindRoom	1670222809631	1670222809740	OK	 
REQUEST		BookableRoom	1670222809465	1670222809754	OK	 
REQUEST		FindRoom	1670222809664	1670222809761	OK	 
REQUEST		BookableRoom	1670222809483	1670222809776	OK	 
REQUEST		RoomById	1670222809574	1670222809780	OK	 
REQUEST		RoomById	1670222809616	1670222809794	OK	 
REQUEST		RoomById	1670222809647	1670222809813	OK	 
REQUEST		RoomById	1670222809632	1670222809816	OK	 
REQUEST		FindRoom	1670222809738	1670222809832	OK	 
REQUEST		RoomById	1670222809691	1670222809832	OK	 
REQUEST		RoomById	1670222809652	1670222809832	OK	 
REQUEST		BookableRoom	1670222809534	1670222809861	OK	 
REQUEST		FindRoom	1670222809775	1670222809877	OK	 
REQUEST		BookableRoom	1670222809654	1670222809882	OK	 
REQUEST		BookableRoom	1670222809523	1670222809884	OK	 
REQUEST		RoomById	1670222809535	1670222809884	OK	 
REQUEST		FindRoom	1670222809792	1670222809897	OK	 
REQUEST		BookableRoom	1670222809649	1670222809920	OK	 
REQUEST		FindRoom	1670222809835	1670222809931	OK	 
REQUEST		BookableRoom	1670222809732	1670222809946	OK	 
REQUEST		BookableRoom	1670222809671	1670222809964	OK	 
REQUEST		RoomById	1670222809685	1670222809963	OK	 
REQUEST		FindRoom	1670222809864	1670222809972	OK	 
REQUEST		BookableRoom	1670222809741	1670222809977	OK	 
REQUEST		BookableRoom	1670222809761	1670222809996	OK	 
REQUEST		RoomById	1670222809743	1670222810017	OK	 
REQUEST		RoomById	1670222809762	1670222810028	OK	 
REQUEST		RoomById	1670222809803	1670222810045	OK	 
REQUEST		RoomById	1670222809819	1670222810052	OK	 
REQUEST		FindRoom	1670222809960	1670222810061	OK	 
REQUEST		FindRoom	1670222809952	1670222810062	OK	 
REQUEST		BookableRoom	1670222809673	1670222810077	OK	 
REQUEST		RoomById	1670222809855	1670222810101	OK	 
REQUEST		BookableRoom	1670222809834	1670222810114	OK	 
REQUEST		RoomById	1670222809905	1670222810119	OK	 
REQUEST		FindRoom	1670222810030	1670222810133	OK	 
REQUEST		RoomById	1670222809873	1670222810157	OK	 
REQUEST		FindRoom	1670222810067	1670222810182	OK	 
REQUEST		BookableRoom	1670222809879	1670222810197	OK	 
REQUEST		FindRoom	1670222810116	1670222810224	OK	 
REQUEST		BookableRoom	1670222809941	1670222810231	OK	 
REQUEST		RoomById	1670222809963	1670222810236	OK	 
REQUEST		RoomById	1670222810033	1670222810237	OK	 
REQUEST		FindRoom	1670222810139	1670222810240	OK	 
REQUEST		BookableRoom	1670222809900	1670222810274	OK	 
REQUEST		RoomById	1670222809975	1670222810282	OK	 
REQUEST		RoomById	1670222810063	1670222810302	OK	 
REQUEST		RoomById	1670222810017	1670222810307	OK	 
REQUEST		FindRoom	1670222810219	1670222810317	OK	 
REQUEST		BookableRoom	1670222810066	1670222810320	OK	 
REQUEST		FindRoom	1670222810224	1670222810333	OK	 
REQUEST		RoomById	1670222810142	1670222810345	OK	 
REQUEST		BookableRoom	1670222809975	1670222810357	OK	 
REQUEST		FindRoom	1670222810296	1670222810381	OK	 
REQUEST		BookableRoom	1670222810227	1670222810397	OK	 
REQUEST		BookableRoom	1670222810066	1670222810414	OK	 
REQUEST		RoomById	1670222810105	1670222810430	OK	 
REQUEST		FindRoom	1670222810350	1670222810451	OK	 
REQUEST		BookableRoom	1670222810135	1670222810452	OK	 
REQUEST		FindRoom	1670222810363	1670222810456	OK	 
REQUEST		BookableRoom	1670222810186	1670222810476	OK	 
REQUEST		FindRoom	1670222810419	1670222810521	OK	 
REQUEST		FindRoom	1670222810442	1670222810548	OK	 
REQUEST		BookableRoom	1670222810320	1670222810552	OK	 
REQUEST		BookableRoom	1670222810240	1670222810571	OK	 
REQUEST		FindRoom	1670222810475	1670222810573	OK	 
REQUEST		BookableRoom	1670222810336	1670222810649	OK	 
REQUEST		BookableRoom	1670222810383	1670222810652	OK	 
REQUEST		RoomById	1670222810358	1670222810665	OK	 
REQUEST		FindRoom	1670222810572	1670222810680	OK	 
REQUEST		FindRoom	1670222810611	1670222810705	OK	 
REQUEST		RoomById	1670222810396	1670222810717	OK	 
REQUEST		FindRoom	1670222810643	1670222810737	OK	 
REQUEST		BookableRoom	1670222810452	1670222810742	OK	 
REQUEST		BookableRoom	1670222810457	1670222810744	OK	 
REQUEST		RoomById	1670222810468	1670222810750	OK	 
REQUEST		RoomById	1670222810467	1670222810752	OK	 
REQUEST		RoomById	1670222810514	1670222810769	OK	 
REQUEST		BookableRoom	1670222810521	1670222810785	OK	 
REQUEST		ReserveResource	1670222810737	1670222810840	OK	 
REQUEST		BookableRoom	1670222810549	1670222810848	OK	 
REQUEST		RoomById	1670222810571	1670222810855	OK	 
REQUEST		FindRoom	1670222810762	1670222810857	OK	 
REQUEST		RoomById	1670222810588	1670222810864	OK	 
REQUEST		RoomById	1670222810653	1670222810868	OK	 
REQUEST		BookableRoom	1670222810573	1670222810877	OK	 
REQUEST		ReserveResource	1670222810783	1670222810882	OK	 
REQUEST		ReserveResource	1670222810796	1670222810897	OK	 
REQUEST		FindRoom	1670222810783	1670222810897	OK	 
REQUEST		BookableRoom	1670222810683	1670222810914	OK	 
REQUEST		ReserveResource	1670222810814	1670222810917	OK	 
REQUEST		ReserveResource	1670222810818	1670222810925	OK	 
REQUEST		ReserveResource	1670222810835	1670222810932	OK	 
REQUEST		BookableRoom	1670222810706	1670222810934	OK	 
REQUEST		ReserveResource	1670222810835	1670222810935	OK	 
REQUEST		RoomById	1670222810677	1670222810942	OK	 
REQUEST		RoomById	1670222810726	1670222810950	OK	 
REQUEST		RoomById	1670222810756	1670222810951	OK	 
REQUEST		BookableRoom	1670222810737	1670222810951	OK	 
REQUEST		AllResources	1670222810846	1670222810954	OK	 
REQUEST		FindRoom	1670222810870	1670222810960	OK	 
REQUEST		RoomById	1670222810781	1670222810962	OK	 
REQUEST		FindRoom	1670222810864	1670222810977	OK	 
REQUEST		AllResources	1670222810882	1670222810985	OK	 
REQUEST		ReserveResource	1670222810885	1670222810990	OK	 
REQUEST		AllResources	1670222810897	1670222810993	OK	 
REQUEST		FindRoom	1670222810927	1670222811021	OK	 
REQUEST		FindRoom	1670222810920	1670222811022	OK	 
REQUEST		BookableRoom	1670222810857	1670222811032	OK	 
REQUEST		FindRoom	1670222810942	1670222811046	OK	 
REQUEST		AllResources	1670222810932	1670222811053	OK	 
REQUEST		AllResources	1670222810926	1670222811067	OK	 
REQUEST		ReserveResource	1670222810967	1670222811069	OK	 
REQUEST		BookableRoom	1670222810962	1670222811090	OK	 
REQUEST		AllResources	1670222810918	1670222811106	OK	 
REQUEST		RoomById	1670222810862	1670222811113	OK	 
REQUEST		ReserveResource	1670222811020	1670222811131	OK	 
REQUEST		RoomById	1670222810884	1670222811134	OK	 
REQUEST		FindRoom	1670222811050	1670222811136	OK	 
REQUEST		ReserveResource	1670222811046	1670222811136	OK	 
REQUEST		ReserveResource	1670222811030	1670222811136	OK	 
REQUEST		RoomById	1670222810979	1670222811148	OK	 
REQUEST		ReserveResource	1670222811053	1670222811151	OK	 
REQUEST		RoomById	1670222810998	1670222811152	OK	 
REQUEST		FindRoom	1670222811076	1670222811188	OK	 
REQUEST		BookableRoom	1670222811047	1670222811205	OK	 
REQUEST		BookableRoom	1670222810897	1670222811222	OK	 
REQUEST		ReserveResource	1670222811105	1670222811223	OK	 
REQUEST		FindRoom	1670222811117	1670222811224	OK	 
REQUEST		RoomById	1670222810923	1670222811228	OK	 
REQUEST		RoomById	1670222810885	1670222811233	OK	 
REQUEST		ReserveResource	1670222811121	1670222811249	OK	 
REQUEST		RoomById	1670222811118	1670222811251	OK	 
REQUEST		AllResources	1670222811069	1670222811256	OK	 
REQUEST		AllResources	1670222811137	1670222811261	OK	 
REQUEST		FindRoom	1670222811157	1670222811270	OK	 
REQUEST		ReserveResource	1670222811161	1670222811279	OK	 
REQUEST		FindRoom	1670222811204	1670222811321	OK	 
REQUEST		FindRoom	1670222811235	1670222811333	OK	 
REQUEST		ReserveResource	1670222811238	1670222811335	OK	 
REQUEST		ReserveResource	1670222811239	1670222811335	OK	 
REQUEST		RoomById	1670222810953	1670222811353	OK	 
REQUEST		RoomById	1670222810967	1670222811366	OK	 
REQUEST		AllResources	1670222810935	1670222811367	OK	 
REQUEST		AllResources	1670222811225	1670222811377	OK	 
REQUEST		FindRoom	1670222811295	1670222811389	OK	 
REQUEST		ReserveResource	1670222811284	1670222811398	OK	 
REQUEST		ReserveResource	1670222811304	1670222811400	OK	 
REQUEST		FindRoom	1670222811323	1670222811425	OK	 
REQUEST		BookableRoom	1670222811137	1670222811435	OK	 
REQUEST		RoomById	1670222811204	1670222811440	OK	 
REQUEST		ReserveResource	1670222811347	1670222811457	OK	 
REQUEST		ReserveResource	1670222811309	1670222811517	OK	 
REQUEST		AllResources	1670222810990	1670222811517	OK	 
REQUEST		ReserveResource	1670222811432	1670222811528	OK	 
REQUEST		FindRoom	1670222811435	1670222811528	OK	 
REQUEST		BookableRoom	1670222811188	1670222811556	OK	 
REQUEST		FindRoom	1670222811482	1670222811574	OK	 
REQUEST		FindRoom	1670222811482	1670222811588	OK	 
REQUEST		FindRoom	1670222811500	1670222811588	OK	 
REQUEST		BookableRoom	1670222811021	1670222811618	OK	 
REQUEST		FindRoom	1670222811540	1670222811637	OK	 
REQUEST		BookableRoom	1670222811225	1670222811660	OK	 
REQUEST		AllResources	1670222811137	1670222811667	OK	 
REQUEST		RoomById	1670222811233	1670222811669	OK	 
REQUEST		FindRoom	1670222811580	1670222811678	OK	 
REQUEST		AllResources	1670222811336	1670222811685	OK	 
REQUEST		BookableRoom	1670222811023	1670222811707	OK	 
REQUEST		FindRoom	1670222811611	1670222811712	OK	 
REQUEST		RoomById	1670222811081	1670222811713	OK	 
REQUEST		AllResources	1670222811132	1670222811719	OK	 
REQUEST		FindRoom	1670222811633	1670222811729	OK	 
REQUEST		AllResources	1670222811400	1670222811761	OK	 
REQUEST		ReserveResource	1670222811666	1670222811774	OK	 
REQUEST		AllResources	1670222811152	1670222811781	OK	 
REQUEST		FindRoom	1670222811695	1670222811797	OK	 
REQUEST		ReserveResource	1670222811719	1670222811840	OK	 
REQUEST		BookableRoom	1670222810978	1670222811843	OK	 
REQUEST		ReserveResource	1670222811753	1670222811849	OK	 
REQUEST		FindRoom	1670222811758	1670222811857	OK	 
REQUEST		ReserveResource	1670222811771	1670222811873	OK	 
REQUEST		FindRoom	1670222811796	1670222811913	OK	 
REQUEST		FindRoom	1670222811822	1670222811929	OK	 
REQUEST		RoomById	1670222811278	1670222811942	OK	 
REQUEST		ReserveResource	1670222811752	1670222811945	OK	 
REQUEST		AllResources	1670222811280	1670222811950	OK	 
REQUEST		ReserveResource	1670222811857	1670222811952	OK	 
REQUEST		BookableRoom	1670222811270	1670222811963	OK	 
REQUEST		ReserveResource	1670222811867	1670222811966	OK	 
REQUEST		AllResources	1670222811251	1670222811973	OK	 
REQUEST		ReserveResource	1670222811871	1670222811977	OK	 
REQUEST		RoomById	1670222811322	1670222812009	OK	 
REQUEST		FindRoom	1670222811938	1670222812043	OK	 
REQUEST		ReserveResource	1670222811943	1670222812052	OK	 
REQUEST		ReserveResource	1670222811952	1670222812056	OK	 
REQUEST		ReserveResource	1670222811964	1670222812068	OK	 
REQUEST		ReserveResource	1670222811952	1670222812076	OK	 
REQUEST		BookableRoom	1670222811389	1670222812076	OK	 
REQUEST		RoomById	1670222811454	1670222812091	OK	 
REQUEST		FindRoom	1670222811995	1670222812093	OK	 
REQUEST		AllResources	1670222811458	1670222812105	OK	 
REQUEST		RoomById	1670222811478	1670222812105	OK	 
REQUEST		RoomById	1670222811554	1670222812105	OK	 
REQUEST		AllResources	1670222811529	1670222812106	OK	 
REQUEST		BookableRoom	1670222811323	1670222812117	OK	 
REQUEST		AllResources	1670222811335	1670222812121	OK	 
REQUEST		RoomById	1670222811787	1670222812137	OK	 
REQUEST		AllResources	1670222811399	1670222812137	OK	 
REQUEST		RoomById	1670222811575	1670222812147	OK	 
REQUEST		FindRoom	1670222812055	1670222812157	OK	 
REQUEST		BookableRoom	1670222811857	1670222812205	OK	 
REQUEST		RoomById	1670222811399	1670222812206	OK	 
REQUEST		ReserveResource	1670222812114	1670222812218	OK	 
REQUEST		RoomById	1670222811416	1670222812219	OK	 
REQUEST		AllResources	1670222811518	1670222812235	OK	 
REQUEST		ReserveResource	1670222812136	1670222812238	OK	 
REQUEST		FindRoom	1670222812148	1670222812240	OK	 
REQUEST		BookableRoom	1670222811334	1670222812242	OK	 
REQUEST		ReserveResource	1670222812154	1670222812253	OK	 
REQUEST		ReserveResource	1670222812149	1670222812271	OK	 
REQUEST		BookableRoom	1670222811590	1670222812289	OK	 
REQUEST		BookableRoom	1670222811589	1670222812323	OK	 
REQUEST		BookableRoom	1670222811529	1670222812323	OK	 
REQUEST		ReserveResource	1670222812230	1670222812336	OK	 
REQUEST		ReserveResource	1670222812235	1670222812336	OK	 
REQUEST		AllResources	1670222811978	1670222812351	OK	 
REQUEST		FindRoom	1670222812258	1670222812353	OK	 
REQUEST		ReserveResource	1670222812252	1670222812369	OK	 
REQUEST		BookableRoom	1670222811425	1670222812385	OK	 
REQUEST		BookableRoom	1670222811680	1670222812400	OK	 
REQUEST		RoomById	1670222811743	1670222812402	OK	 
REQUEST		BookableRoom	1670222811637	1670222812419	OK	 
REQUEST		RoomById	1670222811654	1670222812420	OK	 
REQUEST		RoomById	1670222811653	1670222812433	OK	 
REQUEST		BookableRoom	1670222811729	1670222812448	OK	 
REQUEST		ReserveResource	1670222812354	1670222812456	OK	 
REQUEST		BookableRoom	1670222811713	1670222812458	OK	 
REQUEST		AllResources	1670222811841	1670222812461	OK	 
REQUEST		RoomById	1670222811746	1670222812464	OK	 
REQUEST		FindRoom	1670222812369	1670222812478	OK	 
REQUEST		ReserveResource	1670222812368	1670222812480	OK	 
REQUEST		AllResources	1670222811874	1670222812484	OK	 
REQUEST		FindRoom	1670222812400	1670222812494	OK	 
REQUEST		AllResources	1670222811775	1670222812505	OK	 
REQUEST		BookableRoom	1670222811797	1670222812505	OK	 
REQUEST		RoomById	1670222811359	1670222812520	OK	 
REQUEST		ReserveResource	1670222812443	1670222812553	OK	 
REQUEST		BookableRoom	1670222811574	1670222812585	OK	 
REQUEST		RoomById	1670222811879	1670222812589	OK	 
REQUEST		RoomById	1670222811936	1670222812605	OK	 
REQUEST		RoomById	1670222811850	1670222812617	OK	 
REQUEST		RoomById	1670222811918	1670222812617	OK	 
REQUEST		AllResources	1670222811850	1670222812624	OK	 
REQUEST		AllResources	1670222811945	1670222812635	OK	 
REQUEST		RoomById	1670222811952	1670222812637	OK	 
REQUEST		AllResources	1670222811953	1670222812644	OK	 
REQUEST		BookableRoom	1670222811914	1670222812649	OK	 
REQUEST		AllResources	1670222811967	1670222812661	OK	 
REQUEST		ResourceById	1670222811995	1670222812677	OK	 
REQUEST		BookableRoom	1670222812043	1670222812700	OK	 
REQUEST		RoomById	1670222812034	1670222812704	OK	 
REQUEST		ResourceById	1670222811956	1670222812706	OK	 
REQUEST		RoomById	1670222812093	1670222812712	OK	 
REQUEST		ResourceById	1670222812054	1670222812713	OK	 
REQUEST		AllResources	1670222812069	1670222812721	OK	 
REQUEST		AllResources	1670222812052	1670222812738	OK	 
REQUEST		ResourceById	1670222812379	1670222812742	OK	 
REQUEST		ReserveResource	1670222812671	1670222812777	OK	 
REQUEST		ResourceById	1670222812069	1670222812777	OK	 
REQUEST		ResourceById	1670222812106	1670222812801	OK	 
REQUEST		AllResources	1670222812077	1670222812801	OK	 
REQUEST		ReserveResource	1670222812715	1670222812825	OK	 
REQUEST		BookableRoom	1670222812094	1670222812845	OK	 
REQUEST		RoomById	1670222812207	1670222812846	OK	 
REQUEST		AllResources	1670222812218	1670222812848	OK	 
REQUEST		AllResources	1670222812239	1670222812858	OK	 
REQUEST		ResourceById	1670222811987	1670222812865	OK	 
REQUEST		BookableRoom	1670222812160	1670222812877	OK	 
REQUEST		ResourceById	1670222812258	1670222812877	OK	 
REQUEST		AllResources	1670222812056	1670222812881	OK	 
REQUEST		RoomById	1670222812223	1670222812897	OK	 
REQUEST		BookableRoom	1670222812241	1670222812918	OK	 
REQUEST		AllResources	1670222812254	1670222812937	OK	 
REQUEST		AllResources	1670222812272	1670222812948	OK	 
REQUEST		ResourceById	1670222812370	1670222812961	OK	 
REQUEST		BookableRoom	1670222812354	1670222812974	OK	 
REQUEST		ResourceById	1670222812263	1670222812976	OK	 
REQUEST		AllResources	1670222812370	1670222812993	OK	 
REQUEST		AllResources	1670222812337	1670222813027	OK	 
REQUEST		ReserveResource	1670222812944	1670222813028	OK	 
REQUEST		RoomById	1670222812621	1670222813032	OK	 
REQUEST		ResourceById	1670222812691	1670222813050	OK	 
REQUEST		BookableRoom	1670222812479	1670222813108	OK	 
REQUEST		ResourceById	1670222812519	1670222813109	OK	 
REQUEST		AllResources	1670222812481	1670222813145	OK	 
REQUEST		ReserveResource	1670222813011	1670222813153	OK	 
REQUEST		AllResources	1670222812778	1670222813153	OK	 
REQUEST		AllResources	1670222812457	1670222813168	OK	 
REQUEST		ResourceById	1670222812975	1670222813168	OK	 
REQUEST		ResourceById	1670222812722	1670222813186	OK	 
REQUEST		BookableRoom	1670222811930	1670222813222	OK	 
REQUEST		ReserveResource	1670222813093	1670222813224	OK	 
REQUEST		AllResources	1670222812553	1670222813231	OK	 
REQUEST		RoomById	1670222812558	1670222813243	OK	 
REQUEST		ReserveResource	1670222813107	1670222813244	OK	 
REQUEST		AllResources	1670222813029	1670222813247	OK	 
REQUEST		ReserveResource	1670222813138	1670222813247	OK	 
REQUEST		ReserveResource	1670222813149	1670222813248	OK	 
REQUEST		ReserveResource	1670222813107	1670222813248	OK	 
REQUEST		RoomById	1670222812661	1670222813263	OK	 
REQUEST		RoomById	1670222812710	1670222813265	OK	 
REQUEST		ResourceById	1670222812668	1670222813274	OK	 
REQUEST		RoomById	1670222813079	1670222813289	OK	 
REQUEST		RoomById	1670222812845	1670222813290	OK	 
REQUEST		ReserveResource	1670222813209	1670222813305	OK	 
REQUEST		AllResources	1670222812337	1670222813321	OK	 
REQUEST		RoomById	1670222812437	1670222813323	OK	 
REQUEST		ReserveResource	1670222813221	1670222813323	OK	 
REQUEST		AllResources	1670222812825	1670222813333	OK	 
REQUEST		ResourceById	1670222813107	1670222813347	OK	 
REQUEST		RoomById	1670222813118	1670222813354	OK	 
REQUEST		ResourceById	1670222813123	1670222813358	OK	 
REQUEST		ResourceById	1670222813138	1670222813359	OK	 
REQUEST		BookableRoom	1670222812495	1670222813363	OK	 
REQUEST		AllResources	1670222813155	1670222813364	OK	 
REQUEST		ResourceById	1670222812763	1670222813368	OK	 
REQUEST		ResourceById	1670222812782	1670222813369	OK	 
REQUEST		ResourceById	1670222813237	1670222813382	OK	 
REQUEST		ResourceById	1670222813108	1670222813384	OK	 
REQUEST		ResourceById	1670222812952	1670222813390	OK	 
REQUEST		AllResources	1670222813224	1670222813390	OK	 
REQUEST		AllResources	1670222813248	1670222813403	OK	 
REQUEST		AllResources	1670222813248	1670222813405	OK	 
REQUEST		RoomById	1670222812966	1670222813427	OK	 
REQUEST		RoomById	1670222813207	1670222813430	OK	 
REQUEST		AllResources	1670222813307	1670222813430	OK	 
REQUEST		RoomById	1670222813243	1670222813430	OK	 
REQUEST		RoomById	1670222813290	1670222813433	OK	 
REQUEST		AllResources	1670222813244	1670222813450	OK	 
REQUEST		RoomById	1670222813324	1670222813448	OK	 
REQUEST		AllResources	1670222813247	1670222813448	OK	 
REQUEST		RoomById	1670222813324	1670222813451	OK	 
REQUEST		AllResources	1670222813324	1670222813466	OK	 
REQUEST		ResourceById	1670222813353	1670222813481	OK	 
REQUEST		RoomById	1670222813386	1670222813492	OK	 
REQUEST		RoomById	1670222813402	1670222813494	OK	 
REQUEST		ReserveResource	1670222813403	1670222813500	OK	 
REQUEST		ReserveResource	1670222813422	1670222813518	OK	 
REQUEST		ReserveResource	1670222813434	1670222813526	OK	 
REQUEST		RoomById	1670222813422	1670222813538	OK	 
REQUEST		RoomById	1670222813451	1670222813565	OK	 
REQUEST		ResourceById	1670222813463	1670222813567	OK	 
REQUEST		RoomById	1670222813460	1670222813567	OK	 
REQUEST		ReserveResource	1670222813466	1670222813577	OK	 
REQUEST		ResourceById	1670222813485	1670222813592	OK	 
REQUEST		AllResources	1670222813501	1670222813611	OK	 
REQUEST		ResourceById	1670222813509	1670222813618	OK	 
REQUEST		RoomById	1670222813508	1670222813626	OK	 
REQUEST		ReserveResource	1670222813522	1670222813627	OK	 
REQUEST		AllResources	1670222813526	1670222813627	OK	 
REQUEST		AllResources	1670222813519	1670222813645	OK	 
REQUEST		RoomById	1670222813586	1670222813677	OK	 
REQUEST		AllResources	1670222813577	1670222813678	OK	 
REQUEST		ReserveResource	1670222813591	1670222813693	OK	 
REQUEST		ReserveResource	1670222813607	1670222813743	OK	 
REQUEST		ReserveResource	1670222813618	1670222813744	OK	 
USER	scn1	END	1670222813737
REQUEST		ResourceById	1670222813625	1670222813746	OK	 
USER	scn1	END	1670222813746
REQUEST		ReserveResource	1670222813640	1670222813753	OK	 
REQUEST		RoomById	1670222813651	1670222813756	OK	 
USER	scn1	END	1670222813756
REQUEST		ResourceById	1670222813647	1670222813761	OK	 
REQUEST		ReserveResource	1670222813618	1670222813765	OK	 
REQUEST		ResourceById	1670222813638	1670222813765	OK	 
REQUEST		AllResources	1670222813627	1670222813766	OK	 
USER	scn1	END	1670222813767
REQUEST		ResourceById	1670222813663	1670222813778	OK	 
USER	scn1	END	1670222813779
USER	scn1	END	1670222813804
REQUEST		AllResources	1670222813696	1670222813840	OK	 
REQUEST		ResourceById	1670222813742	1670222813846	OK	 
REQUEST		ReserveResource	1670222813739	1670222813846	OK	 
REQUEST		ReserveResource	1670222813752	1670222813852	OK	 
REQUEST		AllResources	1670222813744	1670222813857	OK	 
REQUEST		RoomById	1670222813741	1670222813861	OK	 
REQUEST		AllResources	1670222813745	1670222813867	OK	 
REQUEST		AllResources	1670222813754	1670222813867	OK	 
USER	scn1	END	1670222813867
REQUEST		ResourceById	1670222813743	1670222813869	OK	 
REQUEST		AllResources	1670222813766	1670222813878	OK	 
USER	scn1	END	1670222813879
REQUEST		ResourceById	1670222813803	1670222813914	OK	 
REQUEST		ReserveResource	1670222813849	1670222813956	OK	 
REQUEST		RoomById	1670222813847	1670222813956	OK	 
REQUEST		AllResources	1670222813847	1670222813959	OK	 
REQUEST		ResourceById	1670222813850	1670222813959	OK	 
REQUEST		AllResources	1670222813852	1670222813959	OK	 
USER	scn1	END	1670222813963
REQUEST		ResourceById	1670222813861	1670222813972	OK	 
REQUEST		RoomById	1670222813878	1670222813976	OK	 
USER	scn1	END	1670222813978
REQUEST		ResourceById	1670222813883	1670222813994	OK	 
REQUEST		ReserveResource	1670222813899	1670222814015	OK	 
REQUEST		RoomById	1670222813919	1670222814025	OK	 
REQUEST		ResourceById	1670222813939	1670222814051	OK	 
USER	scn1	END	1670222814052
REQUEST		ResourceById	1670222813950	1670222814057	OK	 
REQUEST		AllResources	1670222813958	1670222814071	OK	 
REQUEST		RoomById	1670222813976	1670222814077	OK	 
REQUEST		ResourceById	1670222813994	1670222814096	OK	 
USER	scn1	END	1670222814112
REQUEST		AllResources	1670222814016	1670222814134	OK	 
REQUEST		ResourceById	1670222814030	1670222814142	OK	 
REQUEST		ReserveResource	1670222814035	1670222814149	OK	 
USER	scn1	END	1670222814170
USER	scn1	END	1670222814189
REQUEST		RoomById	1670222814110	1670222814230	OK	 
REQUEST		ResourceById	1670222814147	1670222814250	OK	 
REQUEST		AllResources	1670222814149	1670222814257	OK	 
REQUEST		ResourceById	1670222814155	1670222814262	OK	 
USER	scn1	END	1670222814277
REQUEST		ResourceById	1670222814169	1670222814280	OK	 
REQUEST		RoomById	1670222814223	1670222814325	OK	 
REQUEST		ResourceById	1670222814233	1670222814338	OK	 
REQUEST		ReserveResource	1670222814245	1670222814340	OK	 
USER	scn1	END	1670222814350
REQUEST		ResourceById	1670222814249	1670222814351	OK	 
USER	scn1	END	1670222814361
REQUEST		ReserveResource	1670222814265	1670222814361	OK	 
USER	scn1	END	1670222814362
REQUEST		ReserveResource	1670222814265	1670222814362	OK	 
USER	scn1	END	1670222814370
USER	scn1	END	1670222814371
REQUEST		ReserveResource	1670222814292	1670222814384	OK	 
USER	scn1	END	1670222814385
USER	scn1	END	1670222814387
USER	scn1	END	1670222814393
REQUEST		ReserveResource	1670222814292	1670222814393	OK	 
REQUEST		ReserveResource	1670222814326	1670222814424	OK	 
REQUEST		ResourceById	1670222814323	1670222814426	OK	 
REQUEST		ResourceById	1670222814336	1670222814438	OK	 
REQUEST		AllResources	1670222814341	1670222814440	OK	 
REQUEST		ReserveResource	1670222814355	1670222814461	OK	 
REQUEST		ResourceById	1670222814367	1670222814469	OK	 
REQUEST		AllResources	1670222814363	1670222814471	OK	 
REQUEST		AllResources	1670222814362	1670222814478	OK	 
REQUEST		RoomById	1670222814364	1670222814478	OK	 
REQUEST		AllResources	1670222814385	1670222814480	OK	 
USER	scn1	END	1670222814483
REQUEST		ResourceById	1670222814392	1670222814486	OK	 
REQUEST		AllResources	1670222814393	1670222814496	OK	 
REQUEST		ResourceById	1670222814407	1670222814505	OK	 
REQUEST		ResourceById	1670222814405	1670222814514	OK	 
REQUEST		ResourceById	1670222814431	1670222814528	OK	 
REQUEST		ReserveResource	1670222814429	1670222814535	OK	 
REQUEST		ReserveResource	1670222814434	1670222814536	OK	 
REQUEST		ReserveResource	1670222814431	1670222814536	OK	 
REQUEST		ReserveResource	1670222814431	1670222814540	OK	 
REQUEST		AllResources	1670222814426	1670222814545	OK	 
REQUEST		ResourceById	1670222814452	1670222814548	OK	 
REQUEST		ResourceById	1670222814453	1670222814552	OK	 
REQUEST		ReserveResource	1670222814452	1670222814552	OK	 
REQUEST		ReserveResource	1670222814452	1670222814552	OK	 
REQUEST		AllResources	1670222814461	1670222814569	OK	 
USER	scn1	END	1670222814570
REQUEST		ResourceById	1670222814468	1670222814578	OK	 
REQUEST		ReserveResource	1670222814496	1670222814594	OK	 
USER	scn1	END	1670222814596
REQUEST		ReserveResource	1670222814495	1670222814614	OK	 
USER	scn1	END	1670222814621
REQUEST		ReserveResource	1670222814539	1670222814634	OK	 
REQUEST		AllResources	1670222814536	1670222814638	OK	 
REQUEST		AllResources	1670222814540	1670222814646	OK	 
REQUEST		AllResources	1670222814537	1670222814660	OK	 
REQUEST		AllResources	1670222814536	1670222814660	OK	 
REQUEST		AllResources	1670222814558	1670222814660	OK	 
REQUEST		AllResources	1670222814558	1670222814664	OK	 
REQUEST		ReserveResource	1670222814567	1670222814670	OK	 
REQUEST		ReserveResource	1670222814569	1670222814677	OK	 
REQUEST		AllResources	1670222814602	1670222814718	OK	 
REQUEST		ResourceById	1670222814619	1670222814725	OK	 
REQUEST		ReserveResource	1670222814628	1670222814726	OK	 
REQUEST		AllResources	1670222814618	1670222814730	OK	 
REQUEST		ResourceById	1670222814630	1670222814741	OK	 
REQUEST		AllResources	1670222814636	1670222814741	OK	 
USER	scn1	END	1670222814750
REQUEST		ResourceById	1670222814647	1670222814757	OK	 
USER	scn1	END	1670222814765
USER	scn1	END	1670222814768
USER	scn1	END	1670222814780
REQUEST		ReserveResource	1670222814679	1670222814787	OK	 
REQUEST		AllResources	1670222814671	1670222814788	OK	 
REQUEST		ResourceById	1670222814679	1670222814800	OK	 
REQUEST		AllResources	1670222814677	1670222814805	OK	 
REQUEST		AllResources	1670222814727	1670222814841	OK	 
USER	scn1	END	1670222814849
REQUEST		ReserveResource	1670222814758	1670222814859	OK	 
REQUEST		ResourceById	1670222814768	1670222814869	OK	 
USER	scn1	END	1670222814872
REQUEST		AllResources	1670222814788	1670222814884	OK	 
USER	scn1	END	1670222814917
REQUEST		ResourceById	1670222814842	1670222814941	OK	 
REQUEST		ReserveResource	1670222814863	1670222814957	OK	 
REQUEST		ResourceById	1670222814860	1670222814957	OK	 
USER	scn1	END	1670222814960
REQUEST		AllResources	1670222814859	1670222814960	OK	 
REQUEST		ResourceById	1670222814868	1670222814968	OK	 
REQUEST		ResourceById	1670222814869	1670222814972	OK	 
USER	scn1	END	1670222814975
USER	scn1	END	1670222814996
REQUEST		ResourceById	1670222814880	1670222814997	OK	 
USER	scn1	END	1670222815052
REQUEST		ReserveResource	1670222814959	1670222815054	OK	 
USER	scn1	END	1670222815059
REQUEST		ResourceById	1670222814960	1670222815065	OK	 
REQUEST		AllResources	1670222814958	1670222815075	OK	 
REQUEST		ResourceById	1670222814960	1670222815075	OK	 
REQUEST		ReserveResource	1670222814978	1670222815080	OK	 
USER	scn1	END	1670222815098
USER	scn1	END	1670222815144
REQUEST		ResourceById	1670222815072	1670222815177	OK	 
REQUEST		ReserveResource	1670222815078	1670222815200	OK	 
REQUEST		AllResources	1670222815055	1670222815201	OK	 
REQUEST		AllResources	1670222815080	1670222815214	OK	 
REQUEST		ResourceById	1670222815136	1670222815245	OK	 
USER	scn1	END	1670222815253
USER	scn1	END	1670222815264
USER	scn1	END	1670222815283
REQUEST		AllResources	1670222815201	1670222815321	OK	 
REQUEST		ReserveResource	1670222815231	1670222815325	OK	 
USER	scn1	END	1670222815340
USER	scn1	END	1670222815355
REQUEST		ResourceById	1670222815259	1670222815370	OK	 
REQUEST		ReserveResource	1670222815330	1670222815428	OK	 
USER	scn1	END	1670222815429
REQUEST		AllResources	1670222815326	1670222815437	OK	 
USER	scn1	END	1670222815441
REQUEST		ReserveResource	1670222815026	1670222815460	OK	 
USER	scn1	END	1670222815471
USER	scn1	END	1670222815488
USER	scn1	END	1670222815509
USER	scn1	END	1670222815518
USER	scn1	END	1670222815531
REQUEST		ResourceById	1670222815442	1670222815540	OK	 
USER	scn1	END	1670222815552
REQUEST		AllResources	1670222815429	1670222815553	OK	 
USER	scn1	END	1670222815554
REQUEST		AllResources	1670222815460	1670222815574	OK	 
REQUEST		ReserveResource	1670222815479	1670222815579	OK	 
USER	scn1	END	1670222815581
REQUEST		ResourceById	1670222815480	1670222815590	OK	 
REQUEST		ResourceById	1670222815473	1670222815591	OK	 
REQUEST		ResourceById	1670222815482	1670222815605	OK	 
REQUEST		ResourceById	1670222815498	1670222815607	OK	 
REQUEST		ResourceById	1670222815546	1670222815661	OK	 
REQUEST		ResourceById	1670222815571	1670222815676	OK	 
REQUEST		AllResources	1670222815580	1670222815705	OK	 
USER	scn1	END	1670222815728
USER	scn1	END	1670222815742
REQUEST		ResourceById	1670222815640	1670222815749	OK	 
USER	scn1	END	1670222815759
REQUEST		ResourceById	1670222815648	1670222815761	OK	 
REQUEST		ResourceById	1670222815662	1670222815765	OK	 
REQUEST		ResourceById	1670222815662	1670222815766	OK	 
REQUEST		ResourceById	1670222815661	1670222815768	OK	 
REQUEST		ResourceById	1670222815665	1670222815782	OK	 
USER	scn1	END	1670222815802
REQUEST		ResourceById	1670222815721	1670222815829	OK	 
REQUEST		ResourceById	1670222815731	1670222815841	OK	 
REQUEST		ResourceById	1670222815743	1670222815845	OK	 
USER	scn1	END	1670222815871
REQUEST		ResourceById	1670222815790	1670222815885	OK	 
REQUEST		ResourceById	1670222815807	1670222815918	OK	 
USER	scn1	END	1670222815946
REQUEST		ResourceById	1670222815842	1670222815961	OK	 
USER	scn1	END	1670222815961
USER	scn1	END	1670222815971
USER	scn1	END	1670222815976
REQUEST		ResourceById	1670222815885	1670222815994	OK	 
USER	scn1	END	1670222816001
USER	scn1	END	1670222816067
USER	scn1	END	1670222816077
REQUEST		ResourceById	1670222815962	1670222816081	OK	 
USER	scn1	END	1670222816179
REQUEST		ResourceById	1670222816077	1670222816193	OK	 
USER	scn1	END	1670222816249
REQUEST		ResourceById	1670222816202	1670222816312	OK	 
REQUEST		ResourceById	1670222816217	1670222816317	OK	 
USER	scn1	END	1670222816373
REQUEST		ResourceById	1670222816323	1670222816432	OK	 
USER	scn1	END	1670222816542
REQUEST		ResourceById	1670222816439	1670222816550	OK	 
USER	scn1	END	1670222816592
USER	scn1	END	1670222816594
USER	scn1	END	1670222816608
USER	scn1	END	1670222816610
USER	scn1	END	1670222816664
REQUEST		ResourceById	1670222816555	1670222816677	OK	 
USER	scn1	END	1670222816679
REQUEST		ResourceById	1670222816576	1670222816702	OK	 
USER	scn1	END	1670222816751
USER	scn1	END	1670222816763
USER	scn1	END	1670222816767
USER	scn1	END	1670222816768
USER	scn1	END	1670222816770
USER	scn1	END	1670222816784
REQUEST		ResourceById	1670222816707	1670222816826	OK	 
USER	scn1	END	1670222816834
USER	scn1	END	1670222816844
USER	scn1	END	1670222816848
USER	scn1	END	1670222816888
USER	scn1	END	1670222816921
USER	scn1	END	1670222816963
USER	scn1	END	1670222816998
USER	scn1	END	1670222817084
USER	scn1	END	1670222817196
USER	scn1	END	1670222817315
USER	scn1	END	1670222817319
USER	scn1	END	1670222817436
USER	scn1	END	1670222817560
USER	scn1	END	1670222817680
USER	scn1	END	1670222817707
USER	scn1	END	1670222817830
